sample.interval=20000
"[.data.frame" "[" "levels" "which" "mbGreedySearch" 
"logFactorial" "msgLenWithoutParents" "score" "mbGreedySearch" 
"logFactorial" "singleParentComputation" "msgLenWithParents" "score" "mbGreedySearch" 
"logFactorial" "msgLenWithParents" "score" "mbGreedySearch" 
"logFactorial" "msgLenWithParents" "score" "mbGreedySearch" 
"logFactorial" "msgLenWithParents" "score" "mbGreedySearch" 
"logFactorial" "singleParentComputation" "msgLenWithParents" "score" "mbGreedySearch" 
"logFactorial" "singleParentComputation" "msgLenWithParents" "score" "mbGreedySearch" 
"logFactorial" "singleParentComputation" "msgLenWithParents" "score" "mbGreedySearch" 
"logFactorial" "singleParentComputation" "msgLenWithParents" "score" "mbGreedySearch" 
"logFactorial" "singleParentComputation" "msgLenWithParents" "score" "mbGreedySearch" 
"logFactorial" "singleParentComputation" "msgLenWithParents" "score" "mbGreedySearch" 
"logFactorial" "singleParentComputation" "msgLenWithParents" "score" "mbGreedySearch" 
"logFactorial" "singleParentComputation" "msgLenWithParents" "score" "mbGreedySearch" 
"logFactorial" "singleParentComputation" "msgLenWithParents" "score" "mbGreedySearch" 
"logFactorial" "msgLenWithParents" "score" "mbGreedySearch" 
"logFactorial" "singleParentComputation" "msgLenWithParents" "score" "mbGreedySearch" 
"logFactorial" "singleParentComputation" "msgLenWithParents" "score" "mbGreedySearch" 
"logFactorial" "msgLenWithParents" "score" "mbGreedySearch" 
"match" "unique" "intersect" "singleParentComputation" "msgLenWithParents" "score" "mbGreedySearch" 
"logFactorial" "msgLenWithParents" "score" "mbGreedySearch" 
"logFactorial" "msgLenWithParents" "score" "mbGreedySearch" 
"logFactorial" "multiParentsComputation" "msgLenWithParents" "score" "mbGreedySearch" 
"logFactorial" "multiParentsComputation" "msgLenWithParents" "score" "mbGreedySearch" 
"match" "unique" "intersect" "multiParentsComputation" "msgLenWithParents" "score" "mbGreedySearch" 
"logFactorial" "msgLenWithParents" "score" "mbGreedySearch" 
"logFactorial" "multiParentsComputation" "msgLenWithParents" "score" "mbGreedySearch" 
"match" "unique" "intersect" "multiParentsComputation" "msgLenWithParents" "score" "mbGreedySearch" 
"logFactorial" "multiParentsComputation" "msgLenWithParents" "score" "mbGreedySearch" 
"logFactorial" "multiParentsComputation" "msgLenWithParents" "score" "mbGreedySearch" 
"unique.default" "unique" "intersect" "intersectIndices" "msgLenWithParents" "score" "mbGreedySearch" 
"logFactorial" "multiParentsComputation" "msgLenWithParents" "score" "mbGreedySearch" 
"match" "unique" "intersect" "multiParentsComputation" "msgLenWithParents" "score" "mbGreedySearch" 
"logFactorial" "msgLenWithParents" "score" "mbGreedySearch" 
"match" "unique" "intersect" "multiParentsComputation" "msgLenWithParents" "score" "mbGreedySearch" 
"logFactorial" "msgLenWithParents" "score" "mbGreedySearch" 
"match" "unique" "intersect" "multiParentsComputation" "msgLenWithParents" "score" "mbGreedySearch" 
"logFactorial" "multiParentsComputation" "msgLenWithParents" "score" "mbGreedySearch" 
"logFactorial" "msgLenWithParents" "score" "mbGreedySearch" 
"unique.default" "unique" "intersect" "intersectIndices" "msgLenWithParents" "score" "mbGreedySearch" 
"logFactorial" "multiParentsComputation" "msgLenWithParents" "score" "mbGreedySearch" 
"logFactorial" "multiParentsComputation" "msgLenWithParents" "score" "mbGreedySearch" 
"logFactorial" "msgLenWithParents" "score" "mbGreedySearch" 
"match" "unique" "intersect" "multiParentsComputation" "msgLenWithParents" "score" "mbGreedySearch" 
"prod" "getParentsInstantiationIndices" "msgLenWithParents" "score" "mbGreedySearch" 
"unique" "intersect" "intersectIndices" "msgLenWithParents" "score" "mbGreedySearch" 
"match" "unique" "intersect" "intersectIndices" "msgLenWithParents" "score" "mbGreedySearch" 
"unique" "intersect" "intersectIndices" "msgLenWithParents" "score" "mbGreedySearch" 
"match" "unique" "intersect" "intersectIndices" "msgLenWithParents" "score" "mbGreedySearch" 
"logFactorial" "msgLenWithParents" "score" "mbGreedySearch" 
"logFactorial" "multiParentsComputation" "msgLenWithParents" "score" "mbGreedySearch" 
"match" "unique" "intersect" "multiParentsComputation" "msgLenWithParents" "score" "mbGreedySearch" 
"match" "unique" "intersect" "intersectIndices" "msgLenWithParents" "score" "mbGreedySearch" 
"match" "unique" "intersect" "intersectIndices" "msgLenWithParents" "score" "mbGreedySearch" 
"logFactorial" "msgLenWithParents" "score" "mbGreedySearch" 
"logFactorial" "msgLenWithParents" "score" "mbGreedySearch" 
"match" "unique" "intersect" "intersectIndices" "msgLenWithParents" "score" "mbGreedySearch" 
"match" "unique" "intersect" "multiParentsComputation" "msgLenWithParents" "score" "mbGreedySearch" 
"unique.default" "unique" "intersect" "intersectIndices" "msgLenWithParents" "score" "mbGreedySearch" 
"logFactorial" "multiParentsComputation" "msgLenWithParents" "score" "mbGreedySearch" 
"match" "unique" "intersect" "intersectIndices" "msgLenWithParents" "score" "mbGreedySearch" 
"match" "unique" "intersect" "intersectIndices" "msgLenWithParents" "score" "mbGreedySearch" 
"unique" "intersect" "intersectIndices" "msgLenWithParents" "score" "mbGreedySearch" 
"match" "unique" "intersect" "intersectIndices" "msgLenWithParents" "score" "mbGreedySearch" 
"match" "unique" "intersect" "intersectIndices" "msgLenWithParents" "score" "mbGreedySearch" 
"logFactorial" "msgLenWithParents" "score" "mbGreedySearch" 
"unique" "intersect" "intersectIndices" "msgLenWithParents" "score" "mbGreedySearch" 
"match" "unique" "intersect" "intersectIndices" "msgLenWithParents" "score" "mbGreedySearch" 
"logFactorial" "msgLenWithParents" "score" "mbGreedySearch" 
"match" "unique" "intersect" "intersectIndices" "msgLenWithParents" "score" "mbGreedySearch" 
"logFactorial" "msgLenWithParents" "score" "mbGreedySearch" 
"logFactorial" "msgLenWithParents" "score" "mbGreedySearch" 
"match" "unique" "intersect" "intersectIndices" "msgLenWithParents" "score" "mbGreedySearch" 
"as.vector" "intersect" "intersectIndices" "msgLenWithParents" "score" "mbGreedySearch" 
"match" "unique" "intersect" "intersectIndices" "msgLenWithParents" "score" "mbGreedySearch" 
"logFactorial" "msgLenWithParents" "score" "mbGreedySearch" 
"unique" "intersect" "intersectIndices" "msgLenWithParents" "score" "mbGreedySearch" 
"match" "unique" "intersect" "multiParentsComputation" "msgLenWithParents" "score" "mbGreedySearch" 
"match" "unique" "intersect" "intersectIndices" "msgLenWithParents" "score" "mbGreedySearch" 
"match" "unique" "intersect" "intersectIndices" "msgLenWithParents" "score" "mbGreedySearch" 
"unique.default" "unique" "intersect" "intersectIndices" "msgLenWithParents" "score" "mbGreedySearch" 
"match" "unique" "intersect" "multiParentsComputation" "msgLenWithParents" "score" "mbGreedySearch" 
"match" "unique" "intersect" "intersectIndices" "msgLenWithParents" "score" "mbGreedySearch" 
"match" "unique" "intersect" "intersectIndices" "msgLenWithParents" "score" "mbGreedySearch" 
"match" "unique" "intersect" "multiParentsComputation" "msgLenWithParents" "score" "mbGreedySearch" 
"match" "unique" "intersect" "intersectIndices" "msgLenWithParents" "score" "mbGreedySearch" 
"logFactorial" "multiParentsComputation" "msgLenWithParents" "score" "mbGreedySearch" 
"match" "unique" "intersect" "intersectIndices" "msgLenWithParents" "score" "mbGreedySearch" 
"unique.default" "unique" "intersect" "intersectIndices" "msgLenWithParents" "score" "mbGreedySearch" 
"unique" "intersect" "intersectIndices" "msgLenWithParents" "score" "mbGreedySearch" 
"match" "unique" "intersect" "multiParentsComputation" "msgLenWithParents" "score" "mbGreedySearch" 
"logFactorial" "multiParentsComputation" "msgLenWithParents" "score" "mbGreedySearch" 
"match" "unique" "intersect" "intersectIndices" "msgLenWithParents" "score" "mbGreedySearch" 
"unique" "intersect" "intersectIndices" "msgLenWithParents" "score" "mbGreedySearch" 
"logFactorial" "msgLenWithParents" "score" "mbGreedySearch" 
"match" "unique" "intersect" "intersectIndices" "msgLenWithParents" "score" "mbGreedySearch" 
"match" "unique" "intersect" "multiParentsComputation" "msgLenWithParents" "score" "mbGreedySearch" 
":" "getParentsInstantiationIndices" "msgLenWithParents" "score" "mbGreedySearch" 
"logFactorial" "msgLenWithParents" "score" "mbGreedySearch" 
"unique.default" "unique" "intersect" "intersectIndices" "msgLenWithParents" "score" "mbGreedySearch" 
"match" "unique" "intersect" "intersectIndices" "msgLenWithParents" "score" "mbGreedySearch" 
"+" "logFactorial" "multiParentsComputation" "msgLenWithParents" "score" "mbGreedySearch" 
"match" "unique" "intersect" "intersectIndices" "msgLenWithParents" "score" "mbGreedySearch" 
"match" "unique" "intersect" "intersectIndices" "msgLenWithParents" "score" "mbGreedySearch" 
"match" "unique" "intersect" "intersectIndices" "msgLenWithParents" "score" "mbGreedySearch" 
"match" "unique" "intersect" "intersectIndices" "msgLenWithParents" "score" "mbGreedySearch" 
"unique" "intersect" "intersectIndices" "msgLenWithParents" "score" "mbGreedySearch" 
"match" "unique" "intersect" "intersectIndices" "msgLenWithParents" "score" "mbGreedySearch" 
"logFactorial" "multiParentsComputation" "msgLenWithParents" "score" "mbGreedySearch" 
"unique.default" "unique" "intersect" "intersectIndices" "msgLenWithParents" "score" "mbGreedySearch" 
"match" "unique" "intersect" "intersectIndices" "msgLenWithParents" "score" "mbGreedySearch" 
"logFactorial" "msgLenWithParents" "score" "mbGreedySearch" 
"match" "unique" "intersect" "multiParentsComputation" "msgLenWithParents" "score" "mbGreedySearch" 
"match" "unique" "intersect" "intersectIndices" "msgLenWithParents" "score" "mbGreedySearch" 
"match" "unique" "intersect" "multiParentsComputation" "msgLenWithParents" "score" "mbGreedySearch" 
"match" "unique" "intersect" "intersectIndices" "msgLenWithParents" "score" "mbGreedySearch" 
"match" "unique" "intersect" "intersectIndices" "msgLenWithParents" "score" "mbGreedySearch" 
"unique.default" "unique" "intersect" "intersectIndices" "msgLenWithParents" "score" "mbGreedySearch" 
"logFactorial" "msgLenWithParents" "score" "mbGreedySearch" 
"unique.default" "unique" "intersect" "intersectIndices" "msgLenWithParents" "score" "mbGreedySearch" 
"match" "unique" "intersect" "intersectIndices" "msgLenWithParents" "score" "mbGreedySearch" 
"match" "unique" "intersect" "intersectIndices" "msgLenWithParents" "score" "mbGreedySearch" 
"match" "unique" "intersect" "intersectIndices" "msgLenWithParents" "score" "mbGreedySearch" 
"match" "unique" "intersect" "intersectIndices" "msgLenWithParents" "score" "mbGreedySearch" 
"unique" "intersect" "intersectIndices" "msgLenWithParents" "score" "mbGreedySearch" 
"match" "unique" "intersect" "intersectIndices" "msgLenWithParents" "score" "mbGreedySearch" 
"intersectIndices" "msgLenWithParents" "score" "mbGreedySearch" 
"unique.default" "unique" "intersect" "intersectIndices" "msgLenWithParents" "score" "mbGreedySearch" 
"match" "unique" "intersect" "intersectIndices" "msgLenWithParents" "score" "mbGreedySearch" 
"match" "unique" "intersect" "multiParentsComputation" "msgLenWithParents" "score" "mbGreedySearch" 
"match" "unique" "intersect" "intersectIndices" "msgLenWithParents" "score" "mbGreedySearch" 
"match" "unique" "intersect" "intersectIndices" "msgLenWithParents" "score" "mbGreedySearch" 
"match" "unique" "intersect" "intersectIndices" "msgLenWithParents" "score" "mbGreedySearch" 
"match" "unique" "intersect" "intersectIndices" "msgLenWithParents" "score" "mbGreedySearch" 
"match" "unique" "intersect" "intersectIndices" "msgLenWithParents" "score" "mbGreedySearch" 
"match" "unique" "intersect" "multiParentsComputation" "msgLenWithParents" "score" "mbGreedySearch" 
"match" "unique" "intersect" "multiParentsComputation" "msgLenWithParents" "score" "mbGreedySearch" 
"match" "unique" "intersect" "intersectIndices" "msgLenWithParents" "score" "mbGreedySearch" 
"match" "unique" "intersect" "multiParentsComputation" "msgLenWithParents" "score" "mbGreedySearch" 
"match" "unique" "intersect" "intersectIndices" "msgLenWithParents" "score" "mbGreedySearch" 
"logFactorial" "multiParentsComputation" "msgLenWithParents" "score" "mbGreedySearch" 
"unique" "intersect" "intersectIndices" "msgLenWithParents" "score" "mbGreedySearch" 
"match" "unique" "intersect" "intersectIndices" "msgLenWithParents" "score" "mbGreedySearch" 
"logFactorial" "msgLenWithParents" "score" "mbGreedySearch" 
"logFactorial" "multiParentsComputation" "msgLenWithParents" "score" "mbGreedySearch" 
"match" "unique" "intersect" "intersectIndices" "msgLenWithParents" "score" "mbGreedySearch" 
"match" "unique" "intersect" "intersectIndices" "msgLenWithParents" "score" "mbGreedySearch" 
"logFactorial" "multiParentsComputation" "msgLenWithParents" "score" "mbGreedySearch" 
"match" "unique" "intersect" "intersectIndices" "msgLenWithParents" "score" "mbGreedySearch" 
"match" "unique" "intersect" "intersectIndices" "msgLenWithParents" "score" "mbGreedySearch" 
"match" "unique" "intersect" "intersectIndices" "msgLenWithParents" "score" "mbGreedySearch" 
"match" "unique" "intersect" "intersectIndices" "msgLenWithParents" "score" "mbGreedySearch" 
"match" "unique" "intersect" "intersectIndices" "msgLenWithParents" "score" "mbGreedySearch" 
"match" "unique" "intersect" "multiParentsComputation" "msgLenWithParents" "score" "mbGreedySearch" 
"unique.default" "unique" "intersect" "intersectIndices" "msgLenWithParents" "score" "mbGreedySearch" 
"match" "unique" "intersect" "intersectIndices" "msgLenWithParents" "score" "mbGreedySearch" 
"unique" "intersect" "intersectIndices" "msgLenWithParents" "score" "mbGreedySearch" 
"unique" "intersect" "intersectIndices" "msgLenWithParents" "score" "mbGreedySearch" 
"logFactorial" "multiParentsComputation" "msgLenWithParents" "score" "mbGreedySearch" 
"match" "unique" "intersect" "multiParentsComputation" "msgLenWithParents" "score" "mbGreedySearch" 
"match" "unique" "intersect" "intersectIndices" "msgLenWithParents" "score" "mbGreedySearch" 
"unique" "intersect" "intersectIndices" "msgLenWithParents" "score" "mbGreedySearch" 
"match" "unique" "intersect" "multiParentsComputation" "msgLenWithParents" "score" "mbGreedySearch" 
"is.factor" "unique.default" "unique" "intersect" "intersectIndices" "msgLenWithParents" "score" "mbGreedySearch" 
"match" "unique" "intersect" "multiParentsComputation" "msgLenWithParents" "score" "mbGreedySearch" 
"unique" "intersect" "intersectIndices" "msgLenWithParents" "score" "mbGreedySearch" 
"match" "unique" "intersect" "intersectIndices" "msgLenWithParents" "score" "mbGreedySearch" 
"getParentsInstantiationIndices" "msgLenWithParents" "score" "mbGreedySearch" 
"unique" "intersect" "intersectIndices" "msgLenWithParents" "score" "mbGreedySearch" 
"match" "unique" "intersect" "intersectIndices" "msgLenWithParents" "score" "mbGreedySearch" 
"unique" "intersect" "intersectIndices" "msgLenWithParents" "score" "mbGreedySearch" 
"match" "unique" "intersect" "intersectIndices" "msgLenWithParents" "score" "mbGreedySearch" 
"match" "unique" "intersect" "intersectIndices" "msgLenWithParents" "score" "mbGreedySearch" 
"match" "unique" "intersect" "intersectIndices" "msgLenWithParents" "score" "mbGreedySearch" 
"unique.default" "unique" "intersect" "intersectIndices" "msgLenWithParents" "score" "mbGreedySearch" 
"match" "unique" "intersect" "intersectIndices" "msgLenWithParents" "score" "mbGreedySearch" 
"match" "unique" "intersect" "intersectIndices" "msgLenWithParents" "score" "mbGreedySearch" 
"match" "unique" "intersect" "intersectIndices" "msgLenWithParents" "score" "mbGreedySearch" 
"match" "unique" "intersect" "multiParentsComputation" "msgLenWithParents" "score" "mbGreedySearch" 
"unique" "intersect" "intersectIndices" "msgLenWithParents" "score" "mbGreedySearch" 
"match" "unique" "intersect" "intersectIndices" "msgLenWithParents" "score" "mbGreedySearch" 
"match" "unique" "intersect" "multiParentsComputation" "msgLenWithParents" "score" "mbGreedySearch" 
"match" "unique" "intersect" "intersectIndices" "msgLenWithParents" "score" "mbGreedySearch" 
"match" "unique" "intersect" "intersectIndices" "msgLenWithParents" "score" "mbGreedySearch" 
"match" "unique" "intersect" "intersectIndices" "msgLenWithParents" "score" "mbGreedySearch" 
"match" "unique" "intersect" "intersectIndices" "msgLenWithParents" "score" "mbGreedySearch" 
"match" "unique" "intersect" "intersectIndices" "msgLenWithParents" "score" "mbGreedySearch" 
"logFactorial" "msgLenWithParents" "score" "mbGreedySearch" 
"multiParentsComputation" "msgLenWithParents" "score" "mbGreedySearch" 
"intersectIndices" "msgLenWithParents" "score" "mbGreedySearch" 
"unique.default" "unique" "intersect" "intersectIndices" "msgLenWithParents" "score" "mbGreedySearch" 
"logFactorial" "multiParentsComputation" "msgLenWithParents" "score" "mbGreedySearch" 
"match" "unique" "intersect" "multiParentsComputation" "msgLenWithParents" "score" "mbGreedySearch" 
"match" "unique" "intersect" "multiParentsComputation" "msgLenWithParents" "score" "mbGreedySearch" 
"match" "unique" "intersect" "multiParentsComputation" "msgLenWithParents" "score" "mbGreedySearch" 
"match" "unique" "intersect" "intersectIndices" "msgLenWithParents" "score" "mbGreedySearch" 
"logFactorial" "multiParentsComputation" "msgLenWithParents" "score" "mbGreedySearch" 
"match" "unique" "intersect" "intersectIndices" "msgLenWithParents" "score" "mbGreedySearch" 
"match" "unique" "intersect" "intersectIndices" "msgLenWithParents" "score" "mbGreedySearch" 
"getParentsInstantiationIndices" "msgLenWithParents" "score" "mbGreedySearch" 
"match" "unique" "intersect" "intersectIndices" "msgLenWithParents" "score" "mbGreedySearch" 
"match" "unique" "intersect" "intersectIndices" "msgLenWithParents" "score" "mbGreedySearch" 
"match" "unique" "intersect" "intersectIndices" "msgLenWithParents" "score" "mbGreedySearch" 
"match" "unique" "intersect" "intersectIndices" "msgLenWithParents" "score" "mbGreedySearch" 
"match" "unique" "intersect" "intersectIndices" "msgLenWithParents" "score" "mbGreedySearch" 
"unique" "intersect" "intersectIndices" "msgLenWithParents" "score" "mbGreedySearch" 
"match" "unique" "intersect" "intersectIndices" "msgLenWithParents" "score" "mbGreedySearch" 
"unique" "intersect" "intersectIndices" "msgLenWithParents" "score" "mbGreedySearch" 
"match" "unique" "intersect" "intersectIndices" "msgLenWithParents" "score" "mbGreedySearch" 
"match" "unique" "intersect" "intersectIndices" "msgLenWithParents" "score" "mbGreedySearch" 
"match" "unique" "intersect" "intersectIndices" "msgLenWithParents" "score" "mbGreedySearch" 
"unique" "intersect" "multiParentsComputation" "msgLenWithParents" "score" "mbGreedySearch" 
"match" "unique" "intersect" "intersectIndices" "msgLenWithParents" "score" "mbGreedySearch" 
"logFactorial" "multiParentsComputation" "msgLenWithParents" "score" "mbGreedySearch" 
"match" "unique" "intersect" "intersectIndices" "msgLenWithParents" "score" "mbGreedySearch" 
"match" "unique" "intersect" "multiParentsComputation" "msgLenWithParents" "score" "mbGreedySearch" 
"match" "unique" "intersect" "intersectIndices" "msgLenWithParents" "score" "mbGreedySearch" 
"unique" "intersect" "intersectIndices" "msgLenWithParents" "score" "mbGreedySearch" 
"match" "unique" "intersect" "intersectIndices" "msgLenWithParents" "score" "mbGreedySearch" 
"getParentsInstantiationIndices" "msgLenWithParents" "score" "mbGreedySearch" 
"match" "unique" "intersect" "intersectIndices" "msgLenWithParents" "score" "mbGreedySearch" 
"match" "unique" "intersect" "intersectIndices" "msgLenWithParents" "score" "mbGreedySearch" 
"unique.default" "unique" "intersect" "intersectIndices" "msgLenWithParents" "score" "mbGreedySearch" 
"match" "unique" "intersect" "intersectIndices" "msgLenWithParents" "score" "mbGreedySearch" 
"match" "unique" "intersect" "intersectIndices" "msgLenWithParents" "score" "mbGreedySearch" 
"unique" "intersect" "intersectIndices" "msgLenWithParents" "score" "mbGreedySearch" 
"match" "unique" "intersect" "intersectIndices" "msgLenWithParents" "score" "mbGreedySearch" 
"logFactorial" "multiParentsComputation" "msgLenWithParents" "score" "mbGreedySearch" 
"match" "unique" "intersect" "intersectIndices" "msgLenWithParents" "score" "mbGreedySearch" 
"match" "unique" "intersect" "multiParentsComputation" "msgLenWithParents" "score" "mbGreedySearch" 
"match" "unique" "intersect" "multiParentsComputation" "msgLenWithParents" "score" "mbGreedySearch" 
"match" "unique" "intersect" "intersectIndices" "msgLenWithParents" "score" "mbGreedySearch" 
"match" "unique" "intersect" "multiParentsComputation" "msgLenWithParents" "score" "mbGreedySearch" 
"match" "unique" "intersect" "multiParentsComputation" "msgLenWithParents" "score" "mbGreedySearch" 
"/" "getParentsInstantiationIndices" "msgLenWithParents" "score" "mbGreedySearch" 
"match" "unique" "intersect" "intersectIndices" "msgLenWithParents" "score" "mbGreedySearch" 
