sample.interval=20000
"logFactorial" "msgLenWithoutParents" "score" "mbForwardSelection.fast" 
"logFactorial" "msgLenWithParents.fast" "score" "mbForwardSelection.fast" 
"logFactorial" "msgLenWithParents.fast" "score" "mbForwardSelection.fast" 
"logFactorial" "singleParentComputation" "msgLenWithParents.fast" "score" "mbForwardSelection.fast" 
"logFactorial" "msgLenWithParents.fast" "score" "mbForwardSelection.fast" 
"logFactorial" "singleParentComputation" "msgLenWithParents.fast" "score" "mbForwardSelection.fast" 
"logFactorial" "singleParentComputation" "msgLenWithParents.fast" "score" "mbForwardSelection.fast" 
"match" "unique" "base::intersect" "intersect" "standardGeneric" "intersect" "singleParentComputation" "msgLenWithParents.fast" "score" "mbForwardSelection.fast" 
"logFactorial" "singleParentComputation" "msgLenWithParents.fast" "score" "mbForwardSelection.fast" 
"logFactorial" "singleParentComputation" "msgLenWithParents.fast" "score" "mbForwardSelection.fast" 
"logFactorial" "msgLenWithParents.fast" "score" "mbForwardSelection.fast" 
"logFactorial" "multiParentsComputation" "msgLenWithParents.fast" "score" "mbForwardSelection.fast" 
"logFactorial" "msgLenWithParents.fast" "score" "mbForwardSelection.fast" 
"msgLenWithParents.fast" "score" "mbForwardSelection.fast" 
"logFactorial" "multiParentsComputation" "msgLenWithParents.fast" "score" "mbForwardSelection.fast" 
"logFactorial" "msgLenWithParents.fast" "score" "mbForwardSelection.fast" 
"logFactorial" "multiParentsComputation" "msgLenWithParents.fast" "score" "mbForwardSelection.fast" 
"logFactorial" "multiParentsComputation" "msgLenWithParents.fast" "score" "mbForwardSelection.fast" 
"logFactorial" "multiParentsComputation" "msgLenWithParents.fast" "score" "mbForwardSelection.fast" 
"asNamespace" "getExportedValue" "::" "intersect" "standardGeneric" "intersect" "msgLenWithParents.fast" "score" "mbForwardSelection.fast" 
"match" "unique" "base::intersect" "intersect" "standardGeneric" "intersect" "multiParentsComputation" "msgLenWithParents.fast" "score" "mbForwardSelection.fast" 
"match" "unique" "base::intersect" "intersect" "standardGeneric" "intersect" "multiParentsComputation" "msgLenWithParents.fast" "score" "mbForwardSelection.fast" 
"match" "unique" "base::intersect" "intersect" "standardGeneric" "intersect" "multiParentsComputation" "msgLenWithParents.fast" "score" "mbForwardSelection.fast" 
"logFactorial" "msgLenWithParents.fast" "score" "mbForwardSelection.fast" 
"unique.default" "unique" "base::intersect" "intersect" "standardGeneric" "intersect" "multiParentsComputation" "msgLenWithParents.fast" "score" "mbForwardSelection.fast" 
"logFactorial" "multiParentsComputation" "msgLenWithParents.fast" "score" "mbForwardSelection.fast" 
"logFactorial" "msgLenWithParents.fast" "score" "mbForwardSelection.fast" 
"logFactorial" "msgLenWithParents.fast" "score" "mbForwardSelection.fast" 
"match" "unique" "base::intersect" "intersect" "standardGeneric" "intersect" "multiParentsComputation" "msgLenWithParents.fast" "score" "mbForwardSelection.fast" 
"match" "unique" "base::intersect" "intersect" "standardGeneric" "intersect" "multiParentsComputation" "msgLenWithParents.fast" "score" "mbForwardSelection.fast" 
"logFactorial" "multiParentsComputation" "msgLenWithParents.fast" "score" "mbForwardSelection.fast" 
"match" "unique" "base::intersect" "intersect" "standardGeneric" "intersect" "msgLenWithParents.fast" "score" "mbForwardSelection.fast" 
"logFactorial" "multiParentsComputation" "msgLenWithParents.fast" "score" "mbForwardSelection.fast" 
"logFactorial" "multiParentsComputation" "msgLenWithParents.fast" "score" "mbForwardSelection.fast" 
"match" "unique" "base::intersect" "intersect" "standardGeneric" "intersect" "msgLenWithParents.fast" "score" "mbForwardSelection.fast" 
"match" "unique" "base::intersect" "intersect" "standardGeneric" "intersect" "multiParentsComputation" "msgLenWithParents.fast" "score" "mbForwardSelection.fast" 
"match" "unique" "base::intersect" "intersect" "standardGeneric" "intersect" "msgLenWithParents.fast" "score" "mbForwardSelection.fast" 
"match" "unique" "base::intersect" "intersect" "standardGeneric" "intersect" "multiParentsComputation" "msgLenWithParents.fast" "score" "mbForwardSelection.fast" 
"match" "unique" "base::intersect" "intersect" "standardGeneric" "intersect" "multiParentsComputation" "msgLenWithParents.fast" "score" "mbForwardSelection.fast" 
"match" "unique" "base::intersect" "intersect" "standardGeneric" "intersect" "multiParentsComputation" "msgLenWithParents.fast" "score" "mbForwardSelection.fast" 
"unique.default" "unique" "base::intersect" "intersect" "standardGeneric" "intersect" "multiParentsComputation" "msgLenWithParents.fast" "score" "mbForwardSelection.fast" 
"unique.default" "unique" "base::intersect" "intersect" "standardGeneric" "intersect" "multiParentsComputation" "msgLenWithParents.fast" "score" "mbForwardSelection.fast" 
"is.factor" "unique.default" "unique" "base::intersect" "intersect" "standardGeneric" "intersect" "msgLenWithParents.fast" "score" "mbForwardSelection.fast" 
"match" "unique" "base::intersect" "intersect" "standardGeneric" "intersect" "msgLenWithParents.fast" "score" "mbForwardSelection.fast" 
"match" "unique" "base::intersect" "intersect" "standardGeneric" "intersect" "multiParentsComputation" "msgLenWithParents.fast" "score" "mbForwardSelection.fast" 
"match" "unique" "base::intersect" "intersect" "standardGeneric" "intersect" "multiParentsComputation" "msgLenWithParents.fast" "score" "mbForwardSelection.fast" 
"unique" "base::intersect" "intersect" "standardGeneric" "intersect" "multiParentsComputation" "msgLenWithParents.fast" "score" "mbForwardSelection.fast" 
"unique" "base::intersect" "intersect" "standardGeneric" "intersect" "msgLenWithParents.fast" "score" "mbForwardSelection.fast" 
"match" "unique" "base::intersect" "intersect" "standardGeneric" "intersect" "msgLenWithParents.fast" "score" "mbForwardSelection.fast" 
"match" "unique" "base::intersect" "intersect" "standardGeneric" "intersect" "multiParentsComputation" "msgLenWithParents.fast" "score" "mbForwardSelection.fast" 
"match" "unique" "base::intersect" "intersect" "standardGeneric" "intersect" "msgLenWithParents.fast" "score" "mbForwardSelection.fast" 
"match" "unique" "base::intersect" "intersect" "standardGeneric" "intersect" "msgLenWithParents.fast" "score" "mbForwardSelection.fast" 
"match" "unique" "base::intersect" "intersect" "standardGeneric" "intersect" "multiParentsComputation" "msgLenWithParents.fast" "score" "mbForwardSelection.fast" 
"logFactorial" "multiParentsComputation" "msgLenWithParents.fast" "score" "mbForwardSelection.fast" 
"logFactorial" "multiParentsComputation" "msgLenWithParents.fast" "score" "mbForwardSelection.fast" 
"match" "unique" "base::intersect" "intersect" "standardGeneric" "intersect" "multiParentsComputation" "msgLenWithParents.fast" "score" "mbForwardSelection.fast" 
"get" "getExportedValue" "::" "intersect" "standardGeneric" "intersect" "msgLenWithParents.fast" "score" "mbForwardSelection.fast" 
"logFactorial" "multiParentsComputation" "msgLenWithParents.fast" "score" "mbForwardSelection.fast" 
"match" "unique" "base::intersect" "intersect" "standardGeneric" "intersect" "multiParentsComputation" "msgLenWithParents.fast" "score" "mbForwardSelection.fast" 
"unique.default" "unique" "base::intersect" "intersect" "standardGeneric" "intersect" "multiParentsComputation" "msgLenWithParents.fast" "score" "mbForwardSelection.fast" 
"unique" "base::intersect" "intersect" "standardGeneric" "intersect" "msgLenWithParents.fast" "score" "mbForwardSelection.fast" 
"match" "unique" "base::intersect" "intersect" "standardGeneric" "intersect" "multiParentsComputation" "msgLenWithParents.fast" "score" "mbForwardSelection.fast" 
"standardGeneric" "intersect" "multiParentsComputation" "msgLenWithParents.fast" "score" "mbForwardSelection.fast" 
"unique" "base::intersect" "intersect" "standardGeneric" "intersect" "multiParentsComputation" "msgLenWithParents.fast" "score" "mbForwardSelection.fast" 
"unique" "base::intersect" "intersect" "standardGeneric" "intersect" "multiParentsComputation" "msgLenWithParents.fast" "score" "mbForwardSelection.fast" 
"logFactorial" "msgLenWithParents.fast" "score" "mbForwardSelection.fast" 
"unique" "base::intersect" "intersect" "standardGeneric" "intersect" "multiParentsComputation" "msgLenWithParents.fast" "score" "mbForwardSelection.fast" 
"unique.default" "unique" "base::intersect" "intersect" "standardGeneric" "intersect" "msgLenWithParents.fast" "score" "mbForwardSelection.fast" 
"match" "unique" "base::intersect" "intersect" "standardGeneric" "intersect" "msgLenWithParents.fast" "score" "mbForwardSelection.fast" 
"match" "unique" "base::intersect" "intersect" "standardGeneric" "intersect" "multiParentsComputation" "msgLenWithParents.fast" "score" "mbForwardSelection.fast" 
"match" "unique" "base::intersect" "intersect" "standardGeneric" "intersect" "multiParentsComputation" "msgLenWithParents.fast" "score" "mbForwardSelection.fast" 
"match" "unique" "base::intersect" "intersect" "standardGeneric" "intersect" "multiParentsComputation" "msgLenWithParents.fast" "score" "mbForwardSelection.fast" 
"match" "unique" "base::intersect" "intersect" "standardGeneric" "intersect" "msgLenWithParents.fast" "score" "mbForwardSelection.fast" 
"logFactorial" "msgLenWithoutParents" "score" "mbForwardSelection.fast" 
"logFactorial" "singleParentComputation" "msgLenWithParents.fast" "score" "mbForwardSelection.fast" 
"logFactorial" "singleParentComputation" "msgLenWithParents.fast" "score" "mbForwardSelection.fast" 
"logFactorial" "singleParentComputation" "msgLenWithParents.fast" "score" "mbForwardSelection.fast" 
"logFactorial" "singleParentComputation" "msgLenWithParents.fast" "score" "mbForwardSelection.fast" 
"match" "unique" "base::intersect" "intersect" "standardGeneric" "intersect" "singleParentComputation" "msgLenWithParents.fast" "score" "mbForwardSelection.fast" 
"logFactorial" "singleParentComputation" "msgLenWithParents.fast" "score" "mbForwardSelection.fast" 
"logFactorial" "singleParentComputation" "msgLenWithParents.fast" "score" "mbForwardSelection.fast" 
"unique" "base::intersect" "intersect" "standardGeneric" "intersect" "singleParentComputation" "msgLenWithParents.fast" "score" "mbForwardSelection.fast" 
"logFactorial" "singleParentComputation" "msgLenWithParents.fast" "score" "mbForwardSelection.fast" 
"match" "unique" "base::intersect" "intersect" "standardGeneric" "intersect" "multiParentsComputation" "msgLenWithParents.fast" "score" "mbForwardSelection.fast" 
"logFactorial" "msgLenWithParents.fast" "score" "mbForwardSelection.fast" 
"unique" "base::intersect" "intersect" "standardGeneric" "intersect" "multiParentsComputation" "msgLenWithParents.fast" "score" "mbForwardSelection.fast" 
"logFactorial" "msgLenWithParents.fast" "score" "mbForwardSelection.fast" 
"logFactorial" "msgLenWithParents.fast" "score" "mbForwardSelection.fast" 
"logFactorial" "msgLenWithParents.fast" "score" "mbForwardSelection.fast" 
"logFactorial" "msgLenWithParents.fast" "score" "mbForwardSelection.fast" 
"match" "unique" "base::intersect" "intersect" "standardGeneric" "intersect" "multiParentsComputation" "msgLenWithParents.fast" "score" "mbForwardSelection.fast" 
"match" "unique" "base::intersect" "intersect" "standardGeneric" "intersect" "multiParentsComputation" "msgLenWithParents.fast" "score" "mbForwardSelection.fast" 
"match" "unique" "base::intersect" "intersect" "standardGeneric" "intersect" "multiParentsComputation" "msgLenWithParents.fast" "score" "mbForwardSelection.fast" 
"match" "unique" "base::intersect" "intersect" "standardGeneric" "intersect" "multiParentsComputation" "msgLenWithParents.fast" "score" "mbForwardSelection.fast" 
"match" "unique" "base::intersect" "intersect" "standardGeneric" "intersect" "multiParentsComputation" "msgLenWithParents.fast" "score" "mbForwardSelection.fast" 
"unique.default" "unique" "base::intersect" "intersect" "standardGeneric" "intersect" "msgLenWithParents.fast" "score" "mbForwardSelection.fast" 
"unique" "base::intersect" "intersect" "standardGeneric" "intersect" "msgLenWithParents.fast" "score" "mbForwardSelection.fast" 
"logFactorial" "msgLenWithParents.fast" "score" "mbForwardSelection.fast" 
"standardGeneric" "intersect" "msgLenWithParents.fast" "score" "mbForwardSelection.fast" 
"logFactorial" "multiParentsComputation" "msgLenWithParents.fast" "score" "mbForwardSelection.fast" 
"logFactorial" "msgLenWithParents.fast" "score" "mbForwardSelection.fast" 
"match" "unique" "base::intersect" "intersect" "standardGeneric" "intersect" "msgLenWithParents.fast" "score" "mbForwardSelection.fast" 
"match" "unique" "base::intersect" "intersect" "standardGeneric" "intersect" "multiParentsComputation" "msgLenWithParents.fast" "score" "mbForwardSelection.fast" 
"+" "logFactorial" "msgLenWithoutParents" "score" "mbForwardSelection.fast" 
"logFactorial" "msgLenWithParents.fast" "score" "mbForwardSelection.fast" 
"logFactorial" "msgLenWithParents.fast" "score" "mbForwardSelection.fast" 
"match" "unique" "base::intersect" "intersect" "standardGeneric" "intersect" "singleParentComputation" "msgLenWithParents.fast" "score" "mbForwardSelection.fast" 
"logFactorial" "singleParentComputation" "msgLenWithParents.fast" "score" "mbForwardSelection.fast" 
"logFactorial" "msgLenWithParents.fast" "score" "mbForwardSelection.fast" 
"logFactorial" "singleParentComputation" "msgLenWithParents.fast" "score" "mbForwardSelection.fast" 
"match" "unique" "base::intersect" "intersect" "standardGeneric" "intersect" "msgLenWithParents.fast" "score" "mbForwardSelection.fast" 
"match" "unique" "base::intersect" "intersect" "standardGeneric" "intersect" "multiParentsComputation" "msgLenWithParents.fast" "score" "mbForwardSelection.fast" 
"logFactorial" "msgLenWithParents.fast" "score" "mbForwardSelection.fast" 
"logFactorial" "msgLenWithParents.fast" "score" "mbForwardSelection.fast" 
":" "logFactorial" "multiParentsComputation" "msgLenWithParents.fast" "score" "mbForwardSelection.fast" 
"as.vector" "base::intersect" "intersect" "standardGeneric" "intersect" "msgLenWithParents.fast" "score" "mbForwardSelection.fast" 
"logFactorial" "msgLenWithParents.fast" "score" "mbForwardSelection.fast" 
"match" "unique" "base::intersect" "intersect" "standardGeneric" "intersect" "multiParentsComputation" "msgLenWithParents.fast" "score" "mbForwardSelection.fast" 
"logFactorial" "msgLenWithParents.fast" "score" "mbForwardSelection.fast" 
"match" "unique" "base::intersect" "intersect" "standardGeneric" "intersect" "multiParentsComputation" "msgLenWithParents.fast" "score" "mbForwardSelection.fast" 
"unique" "base::intersect" "intersect" "standardGeneric" "intersect" "multiParentsComputation" "msgLenWithParents.fast" "score" "mbForwardSelection.fast" 
"logFactorial" "msgLenWithParents.fast" "score" "mbForwardSelection.fast" 
"match" "unique" "base::intersect" "intersect" "standardGeneric" "intersect" "msgLenWithParents.fast" "score" "mbForwardSelection.fast" 
"match" "unique" "base::intersect" "intersect" "standardGeneric" "intersect" "msgLenWithParents.fast" "score" "mbForwardSelection.fast" 
"match" "unique" "base::intersect" "intersect" "standardGeneric" "intersect" "multiParentsComputation" "msgLenWithParents.fast" "score" "mbForwardSelection.fast" 
"match" "unique" "base::intersect" "intersect" "standardGeneric" "intersect" "msgLenWithParents.fast" "score" "mbForwardSelection.fast" 
"match" "unique" "base::intersect" "intersect" "standardGeneric" "intersect" "multiParentsComputation" "msgLenWithParents.fast" "score" "mbForwardSelection.fast" 
"unique" "base::intersect" "intersect" "standardGeneric" "intersect" "multiParentsComputation" "msgLenWithParents.fast" "score" "mbForwardSelection.fast" 
"match" "unique" "base::intersect" "intersect" "standardGeneric" "intersect" "multiParentsComputation" "msgLenWithParents.fast" "score" "mbForwardSelection.fast" 
"logFactorial" "msgLenWithParents.fast" "score" "mbForwardSelection.fast" 
"match" "unique" "base::intersect" "intersect" "standardGeneric" "intersect" "msgLenWithParents.fast" "score" "mbForwardSelection.fast" 
"match" "unique" "base::intersect" "intersect" "standardGeneric" "intersect" "msgLenWithParents.fast" "score" "mbForwardSelection.fast" 
"match" "unique" "base::intersect" "intersect" "standardGeneric" "intersect" "multiParentsComputation" "msgLenWithParents.fast" "score" "mbForwardSelection.fast" 
"logFactorial" "multiParentsComputation" "msgLenWithParents.fast" "score" "mbForwardSelection.fast" 
"match" "unique" "base::intersect" "intersect" "standardGeneric" "intersect" "multiParentsComputation" "msgLenWithParents.fast" "score" "mbForwardSelection.fast" 
"get" "getExportedValue" "::" "intersect" "standardGeneric" "intersect" "multiParentsComputation" "msgLenWithParents.fast" "score" "mbForwardSelection.fast" 
"unique" "base::intersect" "intersect" "standardGeneric" "intersect" "msgLenWithParents.fast" "score" "mbForwardSelection.fast" 
":" "logFactorial" "msgLenWithParents.fast" "score" "mbForwardSelection.fast" 
"logFactorial" "msgLenWithoutParents" "score" "mbForwardSelection.fast" 
"logFactorial" "msgLenWithParents.fast" "score" "mbForwardSelection.fast" 
"logFactorial" "singleParentComputation" "msgLenWithParents.fast" "score" "mbForwardSelection.fast" 
"logFactorial" "singleParentComputation" "msgLenWithParents.fast" "score" "mbForwardSelection.fast" 
"logFactorial" "singleParentComputation" "msgLenWithParents.fast" "score" "mbForwardSelection.fast" 
"logFactorial" "msgLenWithParents.fast" "score" "mbForwardSelection.fast" 
"logFactorial" "singleParentComputation" "msgLenWithParents.fast" "score" "mbForwardSelection.fast" 
"logFactorial" "msgLenWithParents.fast" "score" "mbForwardSelection.fast" 
"match" "unique" "base::intersect" "intersect" "standardGeneric" "intersect" "multiParentsComputation" "msgLenWithParents.fast" "score" "mbForwardSelection.fast" 
"+" "logFactorial" "msgLenWithParents.fast" "score" "mbForwardSelection.fast" 
"match" "unique" "base::intersect" "intersect" "standardGeneric" "intersect" "multiParentsComputation" "msgLenWithParents.fast" "score" "mbForwardSelection.fast" 
"logFactorial" "multiParentsComputation" "msgLenWithParents.fast" "score" "mbForwardSelection.fast" 
"logFactorial" "multiParentsComputation" "msgLenWithParents.fast" "score" "mbForwardSelection.fast" 
"match" "unique" "base::intersect" "intersect" "standardGeneric" "intersect" "multiParentsComputation" "msgLenWithParents.fast" "score" "mbForwardSelection.fast" 
"match" "unique" "base::intersect" "intersect" "standardGeneric" "intersect" "multiParentsComputation" "msgLenWithParents.fast" "score" "mbForwardSelection.fast" 
"logFactorial" "msgLenWithParents.fast" "score" "mbForwardSelection.fast" 
"match" "unique" "base::intersect" "intersect" "standardGeneric" "intersect" "multiParentsComputation" "msgLenWithParents.fast" "score" "mbForwardSelection.fast" 
"get" "getExportedValue" "::" "intersect" "standardGeneric" "intersect" "singleParentComputation" "msgLenWithParents.fast" "score" "mbForwardSelection.fast" 
"logFactorial" "singleParentComputation" "msgLenWithParents.fast" "score" "mbForwardSelection.fast" 
"logFactorial" "singleParentComputation" "msgLenWithParents.fast" "score" "mbForwardSelection.fast" 
"logFactorial" "msgLenWithParents.fast" "score" "mbForwardSelection.fast" 
"logFactorial" "singleParentComputation" "msgLenWithParents.fast" "score" "mbForwardSelection.fast" 
"logFactorial" "singleParentComputation" "msgLenWithParents.fast" "score" "mbForwardSelection.fast" 
"logFactorial" "singleParentComputation" "msgLenWithParents.fast" "score" "mbForwardSelection.fast" 
"logFactorial" "multiParentsComputation" "msgLenWithParents.fast" "score" "mbForwardSelection.fast" 
"logFactorial" "msgLenWithParents.fast" "score" "mbForwardSelection.fast" 
"unique" "base::intersect" "intersect" "standardGeneric" "intersect" "msgLenWithParents.fast" "score" "mbForwardSelection.fast" 
"logFactorial" "multiParentsComputation" "msgLenWithParents.fast" "score" "mbForwardSelection.fast" 
"logFactorial" "msgLenWithParents.fast" "score" "mbForwardSelection.fast" 
"logFactorial" "multiParentsComputation" "msgLenWithParents.fast" "score" "mbForwardSelection.fast" 
"match" "unique" "base::intersect" "intersect" "standardGeneric" "intersect" "multiParentsComputation" "msgLenWithParents.fast" "score" "mbForwardSelection.fast" 
"logFactorial" "msgLenWithParents.fast" "score" "mbForwardSelection.fast" 
"logFactorial" "msgLenWithoutParents" "score" "mbForwardSelection.fast" 
"logFactorial" "singleParentComputation" "msgLenWithParents.fast" "score" "mbForwardSelection.fast" 
"logFactorial" "singleParentComputation" "msgLenWithParents.fast" "score" "mbForwardSelection.fast" 
"logFactorial" "msgLenWithParents.fast" "score" "mbForwardSelection.fast" 
"match" "unique" "base::intersect" "intersect" "standardGeneric" "intersect" "singleParentComputation" "msgLenWithParents.fast" "score" "mbForwardSelection.fast" 
"logFactorial" "msgLenWithParents.fast" "score" "mbForwardSelection.fast" 
"logFactorial" "singleParentComputation" "msgLenWithParents.fast" "score" "mbForwardSelection.fast" 
"logFactorial" "msgLenWithParents.fast" "score" "mbForwardSelection.fast" 
"unique.default" "unique" "base::intersect" "intersect" "standardGeneric" "intersect" "msgLenWithParents.fast" "score" "mbForwardSelection.fast" 
"unique.default" "unique" "base::intersect" "intersect" "standardGeneric" "intersect" "multiParentsComputation" "msgLenWithParents.fast" "score" "mbForwardSelection.fast" 
"logFactorial" "msgLenWithParents.fast" "score" "mbForwardSelection.fast" 
"logFactorial" "multiParentsComputation" "msgLenWithParents.fast" "score" "mbForwardSelection.fast" 
"logFactorial" "multiParentsComputation" "msgLenWithParents.fast" "score" "mbForwardSelection.fast" 
"unique.default" "unique" "base::intersect" "intersect" "standardGeneric" "intersect" "multiParentsComputation" "msgLenWithParents.fast" "score" "mbForwardSelection.fast" 
"logFactorial" "msgLenWithParents.fast" "score" "mbForwardSelection.fast" 
"unique" "base::intersect" "intersect" "standardGeneric" "intersect" "multiParentsComputation" "msgLenWithParents.fast" "score" "mbForwardSelection.fast" 
"match" "unique" "base::intersect" "intersect" "standardGeneric" "intersect" "multiParentsComputation" "msgLenWithParents.fast" "score" "mbForwardSelection.fast" 
"match" "unique" "base::intersect" "intersect" "standardGeneric" "intersect" "multiParentsComputation" "msgLenWithParents.fast" "score" "mbForwardSelection.fast" 
"match" "unique" "base::intersect" "intersect" "standardGeneric" "intersect" "msgLenWithParents.fast" "score" "mbForwardSelection.fast" 
"logFactorial" "multiParentsComputation" "msgLenWithParents.fast" "score" "mbForwardSelection.fast" 
"unique" "base::intersect" "intersect" "standardGeneric" "intersect" "msgLenWithParents.fast" "score" "mbForwardSelection.fast" 
"match" "unique" "base::intersect" "intersect" "standardGeneric" "intersect" "multiParentsComputation" "msgLenWithParents.fast" "score" "mbForwardSelection.fast" 
"logFactorial" "msgLenWithParents.fast" "score" "mbForwardSelection.fast" 
"match" "unique" "base::intersect" "intersect" "standardGeneric" "intersect" "multiParentsComputation" "msgLenWithParents.fast" "score" "mbForwardSelection.fast" 
"logFactorial" "msgLenWithoutParents" "score" "mbForwardSelection.fast" 
"logFactorial" "singleParentComputation" "msgLenWithParents.fast" "score" "mbForwardSelection.fast" 
"unique" "base::intersect" "intersect" "standardGeneric" "intersect" "singleParentComputation" "msgLenWithParents.fast" "score" "mbForwardSelection.fast" 
"match" "unique" "base::intersect" "intersect" "standardGeneric" "intersect" "singleParentComputation" "msgLenWithParents.fast" "score" "mbForwardSelection.fast" 
"+" "logFactorial" "msgLenWithParents.fast" "score" "mbForwardSelection.fast" 
"logFactorial" "msgLenWithParents.fast" "score" "mbForwardSelection.fast" 
"logFactorial" "singleParentComputation" "msgLenWithParents.fast" "score" "mbForwardSelection.fast" 
"logFactorial" "singleParentComputation" "msgLenWithParents.fast" "score" "mbForwardSelection.fast" 
"logFactorial" "msgLenWithParents.fast" "score" "mbForwardSelection.fast" 
"logFactorial" "multiParentsComputation" "msgLenWithParents.fast" "score" "mbForwardSelection.fast" 
"match" "unique" "base::intersect" "intersect" "standardGeneric" "intersect" "msgLenWithParents.fast" "score" "mbForwardSelection.fast" 
"match" "unique" "base::intersect" "intersect" "standardGeneric" "intersect" "msgLenWithParents.fast" "score" "mbForwardSelection.fast" 
"logFactorial" "msgLenWithParents.fast" "score" "mbForwardSelection.fast" 
"logFactorial" "multiParentsComputation" "msgLenWithParents.fast" "score" "mbForwardSelection.fast" 
"match" "unique" "base::intersect" "intersect" "standardGeneric" "intersect" "multiParentsComputation" "msgLenWithParents.fast" "score" "mbForwardSelection.fast" 
"logFactorial" "msgLenWithParents.fast" "score" "mbForwardSelection.fast" 
"logFactorial" "multiParentsComputation" "msgLenWithParents.fast" "score" "mbForwardSelection.fast" 
"match" "unique" "base::intersect" "intersect" "standardGeneric" "intersect" "multiParentsComputation" "msgLenWithParents.fast" "score" "mbForwardSelection.fast" 
"match" "unique" "base::intersect" "intersect" "standardGeneric" "intersect" "multiParentsComputation" "msgLenWithParents.fast" "score" "mbForwardSelection.fast" 
"unique" "base::intersect" "intersect" "standardGeneric" "intersect" "multiParentsComputation" "msgLenWithParents.fast" "score" "mbForwardSelection.fast" 
"unique" "base::intersect" "intersect" "standardGeneric" "intersect" "multiParentsComputation" "msgLenWithParents.fast" "score" "mbForwardSelection.fast" 
"logFactorial" "msgLenWithParents.fast" "score" "mbForwardSelection.fast" 
"match" "unique" "base::intersect" "intersect" "standardGeneric" "intersect" "multiParentsComputation" "msgLenWithParents.fast" "score" "mbForwardSelection.fast" 
"match" "unique" "base::intersect" "intersect" "standardGeneric" "intersect" "multiParentsComputation" "msgLenWithParents.fast" "score" "mbForwardSelection.fast" 
"logFactorial" "multiParentsComputation" "msgLenWithParents.fast" "score" "mbForwardSelection.fast" 
"logFactorial" "msgLenWithoutParents" "score" "mbForwardSelection.fast" 
"logFactorial" "msgLenWithParents.fast" "score" "mbForwardSelection.fast" 
"logFactorial" "msgLenWithParents.fast" "score" "mbForwardSelection.fast" 
"factorial" "msgLenWithParents.fast" "score" "mbForwardSelection.fast" 
"logFactorial" "msgLenWithParents.fast" "score" "mbForwardSelection.fast" 
"logFactorial" "singleParentComputation" "msgLenWithParents.fast" "score" "mbForwardSelection.fast" 
"logFactorial" "singleParentComputation" "msgLenWithParents.fast" "score" "mbForwardSelection.fast" 
"logFactorial" "msgLenWithParents.fast" "score" "mbForwardSelection.fast" 
"logFactorial" "msgLenWithParents.fast" "score" "mbForwardSelection.fast" 
"match" "unique" "base::intersect" "intersect" "standardGeneric" "intersect" "msgLenWithParents.fast" "score" "mbForwardSelection.fast" 
"logFactorial" "multiParentsComputation" "msgLenWithParents.fast" "score" "mbForwardSelection.fast" 
"match" "unique" "base::intersect" "intersect" "standardGeneric" "intersect" "multiParentsComputation" "msgLenWithParents.fast" "score" "mbForwardSelection.fast" 
"match" "unique" "base::intersect" "intersect" "standardGeneric" "intersect" "multiParentsComputation" "msgLenWithParents.fast" "score" "mbForwardSelection.fast" 
"unique" "base::intersect" "intersect" "standardGeneric" "intersect" "msgLenWithParents.fast" "score" "mbForwardSelection.fast" 
"logFactorial" "msgLenWithParents.fast" "score" "mbForwardSelection.fast" 
"logFactorial" "msgLenWithParents.fast" "score" "mbForwardSelection.fast" 
"logFactorial" "msgLenWithoutParents" "score" "mbForwardSelection.fast" 
"logFactorial" "singleParentComputation" "msgLenWithParents.fast" "score" "mbForwardSelection.fast" 
"logFactorial" "msgLenWithParents.fast" "score" "mbForwardSelection.fast" 
"logFactorial" "msgLenWithParents.fast" "score" "mbForwardSelection.fast" 
"msgLenWithParents.fast" "score" "mbForwardSelection.fast" 
"logFactorial" "singleParentComputation" "msgLenWithParents.fast" "score" "mbForwardSelection.fast" 
"match" "unique" "base::intersect" "intersect" "standardGeneric" "intersect" "singleParentComputation" "msgLenWithParents.fast" "score" "mbForwardSelection.fast" 
"logFactorial" "msgLenWithParents.fast" "score" "mbForwardSelection.fast" 
"logFactorial" "msgLenWithParents.fast" "score" "mbForwardSelection.fast" 
"match" "unique" "base::intersect" "intersect" "standardGeneric" "intersect" "msgLenWithParents.fast" "score" "mbForwardSelection.fast" 
"logFactorial" "multiParentsComputation" "msgLenWithParents.fast" "score" "mbForwardSelection.fast" 
"logFactorial" "msgLenWithParents.fast" "score" "mbForwardSelection.fast" 
"isNamespace" "asNamespace" "getExportedValue" "::" "intersect" "standardGeneric" "intersect" "multiParentsComputation" "msgLenWithParents.fast" "score" "mbForwardSelection.fast" 
"match" "unique" "base::intersect" "intersect" "standardGeneric" "intersect" "multiParentsComputation" "msgLenWithParents.fast" "score" "mbForwardSelection.fast" 
"logFactorial" "msgLenWithParents.fast" "score" "mbForwardSelection.fast" 
"match" "unique" "base::intersect" "intersect" "standardGeneric" "intersect" "multiParentsComputation" "msgLenWithParents.fast" "score" "mbForwardSelection.fast" 
"logFactorial" "multiParentsComputation" "msgLenWithParents.fast" "score" "mbForwardSelection.fast" 
"+" "logFactorial" "multiParentsComputation" "msgLenWithParents.fast" "score" "mbForwardSelection.fast" 
"match" "unique" "base::intersect" "intersect" "standardGeneric" "intersect" "multiParentsComputation" "msgLenWithParents.fast" "score" "mbForwardSelection.fast" 
"match" "unique" "base::intersect" "intersect" "standardGeneric" "intersect" "msgLenWithParents.fast" "score" "mbForwardSelection.fast" 
"match" "unique" "base::intersect" "intersect" "standardGeneric" "intersect" "multiParentsComputation" "msgLenWithParents.fast" "score" "mbForwardSelection.fast" 
"match" "unique" "base::intersect" "intersect" "standardGeneric" "intersect" "multiParentsComputation" "msgLenWithParents.fast" "score" "mbForwardSelection.fast" 
"unique.default" "unique" "base::intersect" "intersect" "standardGeneric" "intersect" "multiParentsComputation" "msgLenWithParents.fast" "score" "mbForwardSelection.fast" 
"match" "unique" "base::intersect" "intersect" "standardGeneric" "intersect" "multiParentsComputation" "msgLenWithParents.fast" "score" "mbForwardSelection.fast" 
"unique.default" "unique" "base::intersect" "intersect" "standardGeneric" "intersect" "multiParentsComputation" "msgLenWithParents.fast" "score" "mbForwardSelection.fast" 
":" "logFactorial" "msgLenWithParents.fast" "score" "mbForwardSelection.fast" 
"logFactorial" "msgLenWithParents.fast" "score" "mbForwardSelection.fast" 
"logFactorial" "msgLenWithoutParents" "mmlCPT" "computeMMLMatrix" "learnMBPT" 
"logFactorial" "msgLenWithParents" "mmlCPT" "computeMMLMatrix" "learnMBPT" 
"logFactorial" "msgLenWithParents" "mmlCPT" "computeMMLMatrix" "learnMBPT" 
"logFactorial" "msgLenWithParents" "mmlCPT" "computeMMLMatrix" "learnMBPT" 
"match" "unique" "base::intersect" "intersect" "standardGeneric" "intersect" "multiParentsComputation" "msgLenWithParents" "mmlCPT" "computeMMLMatrix" "learnMBPT" 
"logFactorial" "multiParentsComputation" "msgLenWithParents" "mmlCPT" "computeMMLMatrix" "learnMBPT" 
"logFactorial" "multiParentsComputation" "msgLenWithParents" "mmlCPT" "computeMMLMatrix" "learnMBPT" 
"logFactorial" "multiParentsComputation" "msgLenWithParents" "mmlCPT" "computeMMLMatrix" "learnMBPT" 
"getParentsInstantiationIndices" "msgLenWithParents" "mmlCPT" "computeMMLMatrix" "learnMBPT" 
"intersect" "standardGeneric" "intersect" "multiParentsComputation" "msgLenWithParents" "mmlCPT" "computeMMLMatrix" "learnMBPT" 
"logFactorial" "msgLenWithParents" "mmlCPT" "computeMMLMatrix" "learnMBPT" 
"logFactorial" "multiParentsComputation" "msgLenWithParents" "mmlCPT" "computeMMLMatrix" "learnMBPT" 
"match" "unique" "base::intersect" "intersect" "standardGeneric" "intersect" "multiParentsComputation" "msgLenWithParents" "mmlCPT" "computeMMLMatrix" "learnMBPT" 
"logFactorial" "multiParentsComputation" "msgLenWithParents" "mmlCPT" "computeMMLMatrix" "learnMBPT" 
"logFactorial" "multiParentsComputation" "msgLenWithParents" "mmlCPT" "computeMMLMatrix" "learnMBPT" 
"logFactorial" "multiParentsComputation" "msgLenWithParents" "mmlCPT" "computeMMLMatrix" "learnMBPT" 
"logFactorial" "msgLenWithParents" "mmlCPT" "computeMMLMatrix" "learnMBPT" 
"match" "unique" "base::intersect" "intersect" "standardGeneric" "intersect" "multiParentsComputation" "msgLenWithParents" "mmlCPT" "computeMMLMatrix" "learnMBPT" 
"match" "unique" "base::intersect" "intersect" "standardGeneric" "intersect" "multiParentsComputation" "msgLenWithParents" "mmlCPT" "computeMMLMatrix" "learnMBPT" 
"match" "unique" "base::intersect" "intersect" "standardGeneric" "intersect" "intersectIndices" "msgLenWithParents" "mmlCPT" "computeMMLMatrix" "learnMBPT" 
"match" "unique" "base::intersect" "intersect" "standardGeneric" "intersect" "multiParentsComputation" "msgLenWithParents" "mmlCPT" "computeMMLMatrix" "learnMBPT" 
"+" "logFactorial" "multiParentsComputation" "msgLenWithParents" "mmlCPT" "computeMMLMatrix" "learnMBPT" 
"match" "unique" "base::intersect" "intersect" "standardGeneric" "intersect" "singleParentComputation" "msgLenWithParents" "mmlCPT" "computeMMLMatrix" "learnMBPT" 
"match" "unique" "base::intersect" "intersect" "standardGeneric" "intersect" "intersectIndices" "msgLenWithParents" "mmlCPT" "computeMMLMatrix" "learnMBPT" 
"unique" "base::intersect" "intersect" "standardGeneric" "intersect" "intersectIndices" "msgLenWithParents" "mmlCPT" "computeMMLMatrix" "learnMBPT" 
"logFactorial" "multiParentsComputation" "msgLenWithParents" "mmlCPT" "computeMMLMatrix" "learnMBPT" 
"unique" "base::intersect" "intersect" "standardGeneric" "intersect" "intersectIndices" "msgLenWithParents" "mmlCPT" "computeMMLMatrix" "learnMBPT" 
"logFactorial" "msgLenWithParents" "mmlCPT" "computeMMLMatrix" "learnMBPT" 
"match" "unique" "base::intersect" "intersect" "standardGeneric" "intersect" "intersectIndices" "msgLenWithParents" "mmlCPT" "computeMMLMatrix" "learnMBPT" 
"unique.default" "unique" "base::intersect" "intersect" "standardGeneric" "intersect" "intersectIndices" "msgLenWithParents" "mmlCPT" "computeMMLMatrix" "learnMBPT" 
"logFactorial" "multiParentsComputation" "msgLenWithParents" "mmlCPT" "computeMMLMatrix" "learnMBPT" 
"match" "unique" "base::intersect" "intersect" "standardGeneric" "intersect" "multiParentsComputation" "msgLenWithParents" "mmlCPT" "computeMMLMatrix" "learnMBPT" 
"match" "unique" "base::intersect" "intersect" "standardGeneric" "intersect" "multiParentsComputation" "msgLenWithParents" "mmlCPT" "computeMMLMatrix" "learnMBPT" 
"match" "unique" "base::intersect" "intersect" "standardGeneric" "intersect" "intersectIndices" "msgLenWithParents" "mmlCPT" "computeMMLMatrix" "learnMBPT" 
"match" "unique" "base::intersect" "intersect" "standardGeneric" "intersect" "intersectIndices" "msgLenWithParents" "mmlCPT" "computeMMLMatrix" "learnMBPT" 
"logFactorial" "multiParentsComputation" "msgLenWithParents" "mmlCPT" "computeMMLMatrix" "learnMBPT" 
"logFactorial" "msgLenWithoutParents" "mmlCPT" "computeMMLMatrix" "learnMBPT" 
"unique.default" "unique" "base::intersect" "intersect" "standardGeneric" "intersect" "multiParentsComputation" "msgLenWithParents" "mmlCPT" "computeMMLMatrix" "learnMBPT" 
"unique" "base::intersect" "intersect" "standardGeneric" "intersect" "intersectIndices" "msgLenWithParents" "mmlCPT" "computeMMLMatrix" "learnMBPT" 
"logFactorial" "msgLenWithParents" "mmlCPT" "computeMMLMatrix" "learnMBPT" 
"unique" "base::intersect" "intersect" "standardGeneric" "intersect" "intersectIndices" "msgLenWithParents" "mmlCPT" "computeMMLMatrix" "learnMBPT" 
"logFactorial" "msgLenWithParents" "mmlCPT" "computeMMLMatrix" "learnMBPT" 
"match" "unique" "base::intersect" "intersect" "standardGeneric" "intersect" "intersectIndices" "msgLenWithParents" "mmlCPT" "computeMMLMatrix" "learnMBPT" 
"match" "unique" "base::intersect" "intersect" "standardGeneric" "intersect" "intersectIndices" "msgLenWithParents" "mmlCPT" "computeMMLMatrix" "learnMBPT" 
"match" "unique" "base::intersect" "intersect" "standardGeneric" "intersect" "intersectIndices" "msgLenWithParents" "mmlCPT" "computeMMLMatrix" "learnMBPT" 
"match" "unique" "base::intersect" "intersect" "standardGeneric" "intersect" "multiParentsComputation" "msgLenWithParents" "mmlCPT" "computeMMLMatrix" "learnMBPT" 
"getExportedValue" "::" "intersect" "standardGeneric" "intersect" "intersectIndices" "msgLenWithParents" "mmlCPT" "computeMMLMatrix" "learnMBPT" 
"unique" "base::intersect" "intersect" "standardGeneric" "intersect" "intersectIndices" "msgLenWithParents" "mmlCPT" "computeMMLMatrix" "learnMBPT" 
"match" "unique" "base::intersect" "intersect" "standardGeneric" "intersect" "multiParentsComputation" "msgLenWithParents" "mmlCPT" "computeMMLMatrix" "learnMBPT" 
"match" "unique" "base::intersect" "intersect" "standardGeneric" "intersect" "multiParentsComputation" "msgLenWithParents" "mmlCPT" "computeMMLMatrix" "learnMBPT" 
"unique.default" "unique" "base::intersect" "intersect" "standardGeneric" "intersect" "intersectIndices" "msgLenWithParents" "mmlCPT" "computeMMLMatrix" "learnMBPT" 
"logFactorial" "msgLenWithoutParents" "mmlCPT" "computeMMLMatrix" "learnMBPT" 
"logFactorial" "singleParentComputation" "msgLenWithParents" "mmlCPT" "computeMMLMatrix" "learnMBPT" 
"logFactorial" "msgLenWithParents" "mmlCPT" "computeMMLMatrix" "learnMBPT" 
"getParentsInstantiationIndices" "msgLenWithParents" "mmlCPT" "computeMMLMatrix" "learnMBPT" 
"match" "unique" "base::intersect" "intersect" "standardGeneric" "intersect" "multiParentsComputation" "msgLenWithParents" "mmlCPT" "computeMMLMatrix" "learnMBPT" 
"logFactorial" "msgLenWithParents" "mmlCPT" "computeMMLMatrix" "learnMBPT" 
"match" "unique" "base::intersect" "intersect" "standardGeneric" "intersect" "multiParentsComputation" "msgLenWithParents" "mmlCPT" "computeMMLMatrix" "learnMBPT" 
"match" "unique" "base::intersect" "intersect" "standardGeneric" "intersect" "intersectIndices" "msgLenWithParents" "mmlCPT" "computeMMLMatrix" "learnMBPT" 
"logFactorial" "multiParentsComputation" "msgLenWithParents" "mmlCPT" "computeMMLMatrix" "learnMBPT" 
"unique.default" "unique" "base::intersect" "intersect" "standardGeneric" "intersect" "multiParentsComputation" "msgLenWithParents" "mmlCPT" "computeMMLMatrix" "learnMBPT" 
"match" "unique" "base::intersect" "intersect" "standardGeneric" "intersect" "multiParentsComputation" "msgLenWithParents" "mmlCPT" "computeMMLMatrix" "learnMBPT" 
"logFactorial" "msgLenWithParents" "mmlCPT" "computeMMLMatrix" "learnMBPT" 
"match" "unique" "base::intersect" "intersect" "standardGeneric" "intersect" "intersectIndices" "msgLenWithParents" "mmlCPT" "computeMMLMatrix" "learnMBPT" 
"unique.default" "unique" "base::intersect" "intersect" "standardGeneric" "intersect" "intersectIndices" "msgLenWithParents" "mmlCPT" "computeMMLMatrix" "learnMBPT" 
"logFactorial" "singleParentComputation" "msgLenWithParents" "mmlCPT" "computeMMLMatrix" "learnMBPT" 
"+" "logFactorial" "msgLenWithParents" "mmlCPT" "computeMMLMatrix" "learnMBPT" 
"logFactorial" "multiParentsComputation" "msgLenWithParents" "mmlCPT" "computeMMLMatrix" "learnMBPT" 
"logFactorial" "multiParentsComputation" "msgLenWithParents" "mmlCPT" "computeMMLMatrix" "learnMBPT" 
"match" "unique" "base::intersect" "intersect" "standardGeneric" "intersect" "multiParentsComputation" "msgLenWithParents" "mmlCPT" "computeMMLMatrix" "learnMBPT" 
"match" "unique" "base::intersect" "intersect" "standardGeneric" "intersect" "multiParentsComputation" "msgLenWithParents" "mmlCPT" "computeMMLMatrix" "learnMBPT" 
"logFactorial" "multiParentsComputation" "msgLenWithParents" "mmlCPT" "computeMMLMatrix" "learnMBPT" 
"match" "unique" "base::intersect" "intersect" "standardGeneric" "intersect" "multiParentsComputation" "msgLenWithParents" "mmlCPT" "computeMMLMatrix" "learnMBPT" 
"match" "unique" "base::intersect" "intersect" "standardGeneric" "intersect" "multiParentsComputation" "msgLenWithParents" "mmlCPT" "computeMMLMatrix" "learnMBPT" 
"match" "unique" "base::intersect" "intersect" "standardGeneric" "intersect" "multiParentsComputation" "msgLenWithParents" "mmlCPT" "computeMMLMatrix" "learnMBPT" 
"match" "unique" "base::intersect" "intersect" "standardGeneric" "intersect" "multiParentsComputation" "msgLenWithParents" "mmlCPT" "computeMMLMatrix" "learnMBPT" 
"match" "unique" "base::intersect" "intersect" "standardGeneric" "intersect" "multiParentsComputation" "msgLenWithParents" "mmlCPT" "computeMMLMatrix" "learnMBPT" 
"match" "unique" "base::intersect" "intersect" "standardGeneric" "intersect" "multiParentsComputation" "msgLenWithParents" "mmlCPT" "computeMMLMatrix" "learnMBPT" 
"match" "unique" "base::intersect" "intersect" "standardGeneric" "intersect" "multiParentsComputation" "msgLenWithParents" "mmlCPT" "computeMMLMatrix" "learnMBPT" 
"unique" "base::intersect" "intersect" "standardGeneric" "intersect" "intersectIndices" "msgLenWithParents" "mmlCPT" "computeMMLMatrix" "learnMBPT" 
"substituteVar" "learnMBPT" 
"sort.default" "sort" "methods:::.selectDotsMethod" "standardGeneric" "order" "substituteVar" "learnMBPT" 
"standardGeneric" "eval" "standardGeneric" "order" "mmlDag_fast" "learnMBPT" 
"standardGeneric" "which" "mmlDag_fast" "learnMBPT" 
"mmlDag_fast" "learnMBPT" 
"which" "standardGeneric" "which" "mmlDag_fast" "learnMBPT" 
"standardGeneric" "eval" "standardGeneric" "order" "mmlDag_fast" "learnMBPT" 
"standardGeneric" "which" "mmlDag_fast" "learnMBPT" 
"logFactorial" "msgLenWithParents" "mmlCPT" "computeMMLMatrix" "learnMBPT" 
"logFactorial" "msgLenWithParents" "mmlCPT" "computeMMLMatrix" "learnMBPT" 
"match" "unique" "base::intersect" "intersect" "standardGeneric" "intersect" "multiParentsComputation" "msgLenWithParents" "mmlCPT" "computeMMLMatrix" "learnMBPT" 
"logFactorial" "msgLenWithoutParents" "mmlCPT" "computeMMLMatrix" "learnMBPT" 
"logFactorial" "singleParentComputation" "msgLenWithParents" "mmlCPT" "computeMMLMatrix" "learnMBPT" 
"logFactorial" "msgLenWithParents" "mmlCPT" "computeMMLMatrix" "learnMBPT" 
"logFactorial" "msgLenWithoutParents" "mmlCPT" "computeMMLMatrix" "learnMBPT" 
"logFactorial" "msgLenWithParents" "mmlCPT" "computeMMLMatrix" "learnMBPT" 
"logFactorial" "multiParentsComputation" "msgLenWithParents" "mmlCPT" "computeMMLMatrix" "learnMBPT" 
"logFactorial" "msgLenWithoutParents" "mmlCPT" "computeMMLMatrix" "learnMBPT" 
"logFactorial" "singleParentComputation" "msgLenWithParents" "mmlCPT" "computeMMLMatrix" "learnMBPT" 
"match" "unique" "base::intersect" "intersect" "standardGeneric" "intersect" "singleParentComputation" "msgLenWithParents" "mmlCPT" "computeMMLMatrix" "learnMBPT" 
"logFactorial" "msgLenWithParents" "mmlCPT" "computeMMLMatrix" "learnMBPT" 
"unique.default" "unique" "base::intersect" "intersect" "standardGeneric" "intersect" "multiParentsComputation" "msgLenWithParents" "mmlCPT" "computeMMLMatrix" "learnMBPT" 
"logFactorial" "msgLenWithParents" "mmlCPT" "computeMMLMatrix" "learnMBPT" 
"logFactorial" "msgLenWithParents" "mmlCPT" "computeMMLMatrix" "learnMBPT" 
"match" "unique" "base::intersect" "intersect" "standardGeneric" "intersect" "intersectIndices" "msgLenWithParents" "mmlCPT" "computeMMLMatrix" "learnMBPT" 
"logFactorial" "multiParentsComputation" "msgLenWithParents" "mmlCPT" "computeMMLMatrix" "learnMBPT" 
"logFactorial" "msgLenWithoutParents" "mmlCPT" "computeMMLMatrix" "learnMBPT" 
"logFactorial" "msgLenWithParents" "mmlCPT" "computeMMLMatrix" "learnMBPT" 
"logFactorial" "multiParentsComputation" "msgLenWithParents" "mmlCPT" "computeMMLMatrix" "learnMBPT" 
"logFactorial" "multiParentsComputation" "msgLenWithParents" "mmlCPT" "computeMMLMatrix" "learnMBPT" 
"logFactorial" "multiParentsComputation" "msgLenWithParents" "mmlCPT" "computeMMLMatrix" "learnMBPT" 
"unique.default" "unique" "base::intersect" "intersect" "standardGeneric" "intersect" "intersectIndices" "msgLenWithParents" "mmlCPT" "computeMMLMatrix" "learnMBPT" 
"colnames" "standardGeneric" "colnames" "computeMMLMatrix" "learnMBPT" 
"logFactorial" "msgLenWithParents" "mmlCPT" "computeMMLMatrix" "learnMBPT" 
"+" "logFactorial" "msgLenWithParents" "mmlCPT" "computeMMLMatrix" "learnMBPT" 
"logFactorial" "multiParentsComputation" "msgLenWithParents" "mmlCPT" "computeMMLMatrix" "learnMBPT" 
"logFactorial" "msgLenWithParents" "mmlCPT" "computeMMLMatrix" "learnMBPT" 
"logFactorial" "msgLenWithoutParents" "mmlCPT" "computeMMLMatrix" "learnMBPT" 
"logFactorial" "singleParentComputation" "msgLenWithParents" "mmlCPT" "computeMMLMatrix" "learnMBPT" 
"logFactorial" "msgLenWithParents" "mmlCPT" "computeMMLMatrix" "learnMBPT" 
"match" "unique" "base::intersect" "intersect" "standardGeneric" "intersect" "intersectIndices" "msgLenWithParents" "mmlCPT" "computeMMLMatrix" "learnMBPT" 
"match" "unique" "base::intersect" "intersect" "standardGeneric" "intersect" "intersectIndices" "msgLenWithParents" "mmlCPT" "computeMMLMatrix" "learnMBPT" 
"match" "unique" "base::intersect" "intersect" "standardGeneric" "intersect" "multiParentsComputation" "msgLenWithParents" "mmlCPT" "computeMMLMatrix" "learnMBPT" 
"get" ":::" "match.fun" "lapply" "standardGeneric" "lapply" "unlist" "standardGeneric" "unique" "standardGeneric" "paste" "mmlDag_fast" "learnMBPT" 
"logFactorial" "msgLenWithoutParents" "mmlCPT" "computeMMLMatrix" "learnMBPT" 
"logFactorial" "msgLenWithoutParents" "mmlCPT" "computeMMLMatrix" "learnMBPT" 
"logFactorial" "msgLenWithoutParents" "mmlCPT" "computeMMLMatrix" "learnMBPT" 
"logFactorial" "msgLenWithoutParents" "mmlCPT" "computeMMLMatrix" "learnMBPT" 
"logFactorial" "msgLenWithoutParents" "mmlCPT" "computeMMLMatrix" "learnMBPT" 
"logFactorial" "singleParentComputation" "msgLenWithParents" "mmlCPT" "computeMMLMatrix" "learnMBPT" 
"match" "unique" "base::intersect" "intersect" "standardGeneric" "intersect" "singleParentComputation" "msgLenWithParents" "mmlCPT" "computeMMLMatrix" "learnMBPT" 
"logFactorial" "msgLenWithoutParents" "mmlCPT" "computeMMLMatrix" "learnMBPT" 
"logFactorial" "msgLenWithParents" "mmlCPT" "computeMMLMatrix" "learnMBPT" 
"logFactorial" "multiParentsComputation" "msgLenWithParents" "mmlCPT" "computeMMLMatrix" "learnMBPT" 
"logFactorial" "msgLenWithoutParents" "mmlCPT" "computeMMLMatrix" "learnMBPT" 
"logFactorial" "singleParentComputation" "msgLenWithParents" "mmlCPT" "computeMMLMatrix" "learnMBPT" 
"logFactorial" "msgLenWithParents" "mmlCPT" "computeMMLMatrix" "learnMBPT" 
"match.arg" ".Method" "eval" "eval" "standardGeneric" "eval" "standardGeneric" "order" "mmlDag_fast" "learnMBPT" 
"logFactorial" "msgLenWithParents" "mmlCPT" "computeMMLMatrix" "learnMBPT" 
"logFactorial" "singleParentComputation" "msgLenWithParents" "mmlCPT" "computeMMLMatrix" "learnMBPT" 
"unique.default" "unique" "base::intersect" "intersect" "standardGeneric" "intersect" "multiParentsComputation" "msgLenWithParents" "mmlCPT" "computeMMLMatrix" "learnMBPT" 
"logFactorial" "msgLenWithoutParents" "mmlCPT" "computeMMLMatrix" "learnMBPT" 
"logFactorial" "msgLenWithParents" "mmlCPT" "computeMMLMatrix" "learnMBPT" 
"logFactorial" "msgLenWithParents" "mmlCPT" "computeMMLMatrix" "learnMBPT" 
"logFactorial" "msgLenWithoutParents" "mmlCPT" "computeMMLMatrix" "learnMBPT" 
"logFactorial" "singleParentComputation" "msgLenWithParents" "mmlCPT" "computeMMLMatrix" "learnMBPT" 
"match" "unique" "base::intersect" "intersect" "standardGeneric" "intersect" "multiParentsComputation" "msgLenWithParents" "mmlCPT" "computeMMLMatrix" "learnMBPT" 
"colnames" "standardGeneric" "colnames" "mmlDag_fast" "learnMBPT" 
"logFactorial" "msgLenWithoutParents" "mmlCPT" "computeMMLMatrix" "learnMBPT" 
"logFactorial" "msgLenWithoutParents" "mmlCPT" "computeMMLMatrix" "learnMBPT" 
"match" "unique" "base::intersect" "intersect" "standardGeneric" "intersect" "singleParentComputation" "msgLenWithParents" "mmlCPT" "computeMMLMatrix" "learnMBPT" 
"logFactorial" "singleParentComputation" "msgLenWithParents" "mmlCPT" "computeMMLMatrix" "learnMBPT" 
"logFactorial" "multiParentsComputation" "msgLenWithParents" "mmlCPT" "computeMMLMatrix" "learnMBPT" 
"logFactorial" "singleParentComputation" "msgLenWithParents" "mmlCPT" "computeMMLMatrix" "learnMBPT" 
"match" "unique" "base::intersect" "intersect" "standardGeneric" "intersect" "intersectIndices" "msgLenWithParents" "mmlCPT" "computeMMLMatrix" "learnMBPT" 
"exp" "msgLenWithoutParents" "mmlCPT" "computeMMLMatrix" "learnMBPT" 
"logFactorial" "singleParentComputation" "msgLenWithParents" "mmlCPT" "computeMMLMatrix" "learnMBPT" 
"match" "unique" "base::intersect" "intersect" "standardGeneric" "intersect" "multiParentsComputation" "msgLenWithParents" "mmlCPT" "computeMMLMatrix" "learnMBPT" 
"logFactorial" "msgLenWithParents" "mmlCPT" "computeMMLMatrix" "learnMBPT" 
