sample.interval=20000
"sys.call" "%in%" "[.data.frame" "[" "score" "forward_greedy" 
"length" "length" "[.data.frame" "[" "score" "forward_greedy" 
"NextMethod" "[.factor" "[" "[.data.frame" "[" "score" "forward_greedy" 
"names" "names" "[.data.frame" "[" "score" "forward_greedy" 
"[" "score" "forward_greedy" 
"as.numeric" "score" "forward_greedy" 
"%in%" "[.data.frame" "[" "score" "forward_greedy" 
"prod" "score" "forward_greedy" 
"score" "forward_greedy" 
"prod" "score" "forward_greedy" 
"dim" "dim" "[.data.frame" "[" "score" "forward_greedy" 
"names" "names" "[.data.frame" "[" "score" "forward_greedy" 
"[" "score" "forward_greedy" 
"[.data.frame" "[" "score" "forward_greedy" 
"prod" "score" "forward_greedy" 
"length" "length" "[.data.frame" "[" "score" "forward_greedy" 
"[" "score" "forward_greedy" 
"as.numeric" "as.numeric" "score" "forward_greedy" 
"names" "names" "[.data.frame" "[" "score" "forward_greedy" 
"NextMethod" "[.factor" "[" "[.data.frame" "[" "score" "forward_greedy" 
"length" "length" "[.data.frame" "[" "score" "forward_greedy" 
"[" "[.data.frame" "[" "score" "forward_greedy" 
"length" "length" "[.data.frame" "[" "score" "forward_greedy" 
"%in%" "[.data.frame" "[" "score" "forward_greedy" 
"prod" "score" "forward_greedy" 
"NextMethod" "[.factor" "[" "[.data.frame" "[" "score" "forward_greedy" 
"prod" "score" "forward_greedy" 
"NextMethod" "[.factor" "[" "[.data.frame" "[" "score" "forward_greedy" 
"length" "length" "[.data.frame" "[" "score" "forward_greedy" 
"as.numeric" "as.numeric" "score" "forward_greedy" 
"score" "forward_greedy" 
"[.data.frame" "[" "score" "forward_greedy" 
"c" "node_value_to_index" "score" "forward_greedy" 
"attr" "[.factor" "[" "[.data.frame" "[" "score" "forward_greedy" 
"[.data.frame" "[" "score" "forward_greedy" 
"sys.call" "%in%" "[.data.frame" "[" "score" "forward_greedy" 
"names" "names" "[.data.frame" "[" "score" "forward_greedy" 
"score" "forward_greedy" 
"dim" "dim" "[.data.frame" "[" "score" "forward_greedy" 
"[.factor" "[" "[.data.frame" "[" "score" "forward_greedy" 
"score" "forward_greedy" 
"node_value_to_index" "score" "forward_greedy" 
"[.factor" "[" "[.data.frame" "[" "score" "forward_greedy" 
"score" "forward_greedy" 
"length" "length" "[.data.frame" "[" "score" "forward_greedy" 
"length" "length" "[.data.frame" "[" "score" "forward_greedy" 
"[" "score" "forward_greedy" 
"names" "names" "[.data.frame" "[" "score" "forward_greedy" 
"[.data.frame" "[" "score" "forward_greedy" 
"prod" "score" "forward_greedy" 
"[.data.frame" "[" "score" "forward_greedy" 
"dim" "dim" "[.data.frame" "[" "score" "forward_greedy" 
"score" "forward_greedy" 
"all" "[[.data.frame" "[[" "[.data.frame" "[" "score" "forward_greedy" 
"node_value_to_index" "score" "forward_greedy" 
"structure" "[.data.frame" "[" "score" "forward_greedy" 
"sys.call" "%in%" "[.data.frame" "[" "score" "forward_greedy" 
"[.data.frame" "[" "score" "forward_greedy" 
"structure" "[.data.frame" "[" "score" "forward_greedy" 
"[.data.frame" "[" "score" "forward_greedy" 
"prod" "node_value_to_index" "score" "forward_greedy" 
"dim" "dim" "[.data.frame" "[" "score" "forward_greedy" 
"is.na" "structure" "[.data.frame" "[" "score" "forward_greedy" 
"[" "[.data.frame" "[" "score" "forward_greedy" 
"[.data.frame" "[" "score" "forward_greedy" 
"node_value_to_index" "score" "forward_greedy" 
"NextMethod" "[.factor" "[" "[.data.frame" "[" "score" "forward_greedy" 
"[.factor" "[" "[.data.frame" "[" "score" "forward_greedy" 
"length" "length" "[.data.frame" "[" "score" "forward_greedy" 
"node_value_to_index" "score" "forward_greedy" 
"score" "forward_greedy" 
"score" "forward_greedy" 
"NextMethod" "[.factor" "[" "[.data.frame" "[" "score" "forward_greedy" 
"[.data.frame" "[" "score" "forward_greedy" 
"[" "score" "forward_greedy" 
"score" "forward_greedy" 
"%in%" "[.data.frame" "[" "score" "forward_greedy" 
"[" "[.data.frame" "[" "score" "forward_greedy" 
"score" "forward_greedy" 
"seq_along" "structure" "[.data.frame" "[" "score" "forward_greedy" 
"node_value_to_index" "score" "forward_greedy" 
"anyDuplicated.default" "anyDuplicated" "[.data.frame" "[" "score" "forward_greedy" 
"score" "forward_greedy" 
"length" "length" "[.data.frame" "[" "score" "forward_greedy" 
"[" "[.data.frame" "[" "score" "forward_greedy" 
"[" "score" "forward_greedy" 
"[.data.frame" "[" "score" "forward_greedy" 
"NextMethod" "[.factor" "[" "[.data.frame" "[" "score" "forward_greedy" 
"[[.data.frame" "[[" "[.data.frame" "[" "score" "forward_greedy" 
"node_value_to_index" "score" "forward_greedy" 
"[.data.frame" "[" "score" "forward_greedy" 
"names" "names" "[.data.frame" "[" "score" "forward_greedy" 
"[.data.frame" "[" "score" "forward_greedy" 
"score" "forward_greedy" 
"[[.data.frame" "[[" "[.data.frame" "[" "score" "forward_greedy" 
"names" "names" "structure" "[.data.frame" "[" "score" "forward_greedy" 
"names" "names" "[.data.frame" "[" "score" "forward_greedy" 
"NextMethod" "[.factor" "[" "[.data.frame" "[" "score" "forward_greedy" 
"[.factor" "[" "[.data.frame" "[" "score" "forward_greedy" 
"names" "[.data.frame" "[" "score" "forward_greedy" 
"NextMethod" "[.factor" "[" "[.data.frame" "[" "score" "forward_greedy" 
"[.data.frame" "[" "score" "forward_greedy" 
"[.data.frame" "[" "score" "forward_greedy" 
"prod" "score" "forward_greedy" 
"[.factor" "[" "[.data.frame" "[" "score" "forward_greedy" 
"score" "forward_greedy" 
"NextMethod" "[.factor" "[" "[.data.frame" "[" "score" "forward_greedy" 
"score" "forward_greedy" 
"anyDuplicated.default" "anyDuplicated" "[.data.frame" "[" "score" "forward_greedy" 
"[.factor" "[" "[.data.frame" "[" "score" "forward_greedy" 
"anyDuplicated" "[.data.frame" "[" "score" "forward_greedy" 
"NextMethod" "[.factor" "[" "[.data.frame" "[" "score" "forward_greedy" 
"anyDuplicated" "[.data.frame" "[" "score" "forward_greedy" 
"anyDuplicated" "[.data.frame" "[" "score" "forward_greedy" 
"[" "score" "forward_greedy" 
"[.data.frame" "[" "score" "forward_greedy" 
"[[" "[.data.frame" "[" "score" "forward_greedy" 
".subset2" "[.data.frame" "[" "score" "forward_greedy" 
"score" "forward_greedy" 
"[.data.frame" "[" "score" "forward_greedy" 
"score" "forward_greedy" 
"sys.call" "%in%" "[[.data.frame" "[[" "[.data.frame" "[" "score" "forward_greedy" 
"names" "names" "[.data.frame" "[" "score" "forward_greedy" 
"[.data.frame" "[" "score" "forward_greedy" 
"as.numeric" "score" "forward_greedy" 
"names" "names" "[.data.frame" "[" "score" "forward_greedy" 
"anyDuplicated" "[.data.frame" "[" "score" "forward_greedy" 
"NextMethod" "[.factor" "[" "[.data.frame" "[" "score" "forward_greedy" 
"prod" "score" "forward_greedy" 
"[.data.frame" "[" "score" "forward_greedy" 
"[" "[.data.frame" "[" "score" "forward_greedy" 
"node_value_to_index" "score" "forward_greedy" 
"%in%" "structure" "[.data.frame" "[" "score" "forward_greedy" 
"NextMethod" "[.factor" "[" "[.data.frame" "[" "score" "forward_greedy" 
"[.factor" "[" "[.data.frame" "[" "score" "forward_greedy" 
"[.factor" "[" "[.data.frame" "[" "score" "forward_greedy" 
"node_value_to_index" "score" "forward_greedy" 
"[.data.frame" "[" "score" "forward_greedy" 
"seq_along" "structure" "[.data.frame" "[" "score" "forward_greedy" 
"<Anonymous>" "[[.data.frame" "[[" "[.data.frame" "[" "score" "forward_greedy" 
"length" "length" "[.data.frame" "[" "score" "forward_greedy" 
"score" "forward_greedy" 
"sys.call" "%in%" "[[.data.frame" "[[" "[.data.frame" "[" "score" "forward_greedy" 
"seq_along" "structure" "[.data.frame" "[" "score" "forward_greedy" 
"NextMethod" "[.factor" "[" "[.data.frame" "[" "score" "forward_greedy" 
"[.data.frame" "[" "score" "forward_greedy" 
"anyDuplicated" "[.data.frame" "[" "score" "forward_greedy" 
"node_value_to_index" "score" "forward_greedy" 
"structure" "[.data.frame" "[" "score" "forward_greedy" 
"[[" "[.data.frame" "[" "score" "forward_greedy" 
"NextMethod" "[.factor" "[" "[.data.frame" "[" "score" "forward_greedy" 
"length" "[.data.frame" "[" "score" "forward_greedy" 
"[" "[.data.frame" "[" "score" "forward_greedy" 
"length" "length" "[.data.frame" "[" "score" "forward_greedy" 
"names" "names" "[.data.frame" "[" "score" "forward_greedy" 
"node_value_to_index" "score" "forward_greedy" 
"length" "length" "[.data.frame" "[" "score" "forward_greedy" 
"score" "forward_greedy" 
"all" "[.data.frame" "[" "score" "forward_greedy" 
"NextMethod" "[.factor" "[" "[.data.frame" "[" "score" "forward_greedy" 
"[.factor" "[" "[.data.frame" "[" "score" "forward_greedy" 
"anyDuplicated" "[.data.frame" "[" "score" "forward_greedy" 
"names" "names" "[.data.frame" "[" "score" "forward_greedy" 
"NextMethod" "[.factor" "[" "[.data.frame" "[" "score" "forward_greedy" 
"length" "[.data.frame" "[" "score" "forward_greedy" 
"[[" "[.data.frame" "[" "score" "forward_greedy" 
"structure" "[.data.frame" "[" "score" "forward_greedy" 
"[[.data.frame" "[[" "[.data.frame" "[" "score" "forward_greedy" 
"[[" "[.data.frame" "[" "score" "forward_greedy" 
"[.data.frame" "[" "score" "forward_greedy" 
"%in%" "[.data.frame" "[" "score" "forward_greedy" 
"[.factor" "[" "[.data.frame" "[" "score" "forward_greedy" 
"score" "forward_greedy" 
"anyDuplicated" "[.data.frame" "[" "score" "forward_greedy" 
"length" "length" "[.data.frame" "[" "score" "forward_greedy" 
"[.factor" "[" "[.data.frame" "[" "score" "forward_greedy" 
"score" "forward_greedy" 
"c" "node_value_to_index" "score" "forward_greedy" 
"score" "forward_greedy" 
"[.factor" "[" "[.data.frame" "[" "score" "forward_greedy" 
"anyDuplicated" "[.data.frame" "[" "score" "forward_greedy" 
"prod" "score" "forward_greedy" 
"sys.call" "%in%" "[.data.frame" "[" "score" "forward_greedy" 
"node_value_to_index" "score" "forward_greedy" 
"score" "forward_greedy" 
"prod" "score" "forward_greedy" 
"attr" "[.factor" "[" "[.data.frame" "[" "score" "forward_greedy" 
"[.factor" "[" "[.data.frame" "[" "score" "forward_greedy" 
"[.data.frame" "[" "score" "forward_greedy" 
"[.factor" "[" "[.data.frame" "[" "score" "forward_greedy" 
"[" "[.data.frame" "[" "score" "forward_greedy" 
"[.data.frame" "[" "score" "forward_greedy" 
"[[" "[.data.frame" "[" "score" "forward_greedy" 
"[.data.frame" "[" "score" "forward_greedy" 
"anyDuplicated" "[.data.frame" "[" "score" "forward_greedy" 
"NextMethod" "[.factor" "[" "[.data.frame" "[" "score" "forward_greedy" 
"score" "forward_greedy" 
"structure" "[.data.frame" "[" "score" "forward_greedy" 
"names" "structure" "[.data.frame" "[" "score" "forward_greedy" 
"sum" "score" "forward_greedy" 
"attr" "[.factor" "[" "[.data.frame" "[" "score" "forward_greedy" 
"score" "forward_greedy" 
"<Anonymous>" "[[.data.frame" "[[" "[.data.frame" "[" "score" "forward_greedy" 
"[[.data.frame" "[[" "[.data.frame" "[" "score" "forward_greedy" 
"[.factor" "[" "[.data.frame" "[" "score" "forward_greedy" 
"[.data.frame" "[" "score" "forward_greedy" 
"score" "forward_greedy" 
"sys.call" "%in%" "[[.data.frame" "[[" "[.data.frame" "[" "score" "forward_greedy" 
"prod" "node_value_to_index" "score" "forward_greedy" 
"length" "length" "[.data.frame" "[" "score" "forward_greedy" 
"NextMethod" "[.factor" "[" "[.data.frame" "[" "score" "forward_greedy" 
"attr" "[.data.frame" "[" "score" "forward_greedy" 
"sum" "score" "forward_greedy" 
"node_value_to_index" "score" "forward_greedy" 
"[.data.frame" "[" "score" "forward_greedy" 
"node_value_to_index" "score" "forward_greedy" 
"[.data.frame" "[" "score" "forward_greedy" 
"NextMethod" "[.factor" "[" "[.data.frame" "[" "score" "forward_greedy" 
"prod" "node_value_to_index" "score" "forward_greedy" 
"<Anonymous>" "[[.data.frame" "[[" "[.data.frame" "[" "score" "forward_greedy" 
"[.data.frame" "[" "score" "forward_greedy" 
"score" "forward_greedy" 
"[[" "[.data.frame" "[" "score" "forward_greedy" 
"names" "%in%" "[.data.frame" "[" "score" "forward_greedy" 
"dim" "dim" "[.data.frame" "[" "score" "forward_greedy" 
"score" "forward_greedy" 
"NextMethod" "[.factor" "[" "[.data.frame" "[" "score" "forward_greedy" 
"all" "[.data.frame" "[" "score" "forward_greedy" 
"<Anonymous>" "[[.data.frame" "[[" "[.data.frame" "[" "score" "forward_greedy" 
"sys.call" "%in%" "[.data.frame" "[" "score" "forward_greedy" 
"<Anonymous>" "[[.data.frame" "[[" "[.data.frame" "[" "score" "forward_greedy" 
"[[.data.frame" "[[" "[.data.frame" "[" "score" "forward_greedy" 
"score" "forward_greedy" 
"[.data.frame" "[" "score" "forward_greedy" 
"[[" "[.data.frame" "[" "score" "forward_greedy" 
"[.factor" "[" "[.data.frame" "[" "score" "forward_greedy" 
"[.factor" "[" "[.data.frame" "[" "score" "forward_greedy" 
"length" "score" "forward_greedy" 
"[.factor" "[" "[.data.frame" "[" "score" "forward_greedy" 
"[.data.frame" "[" "score" "forward_greedy" 
"[" "[.data.frame" "[" "score" "forward_greedy" 
"sys.call" "%in%" "[[.data.frame" "[[" "[.data.frame" "[" "score" "forward_greedy" 
"==" "[.data.frame" "[" "score" "forward_greedy" 
"NextMethod" "[.factor" "[" "[.data.frame" "[" "score" "forward_greedy" 
"[.data.frame" "[" "score" "forward_greedy" 
"[" "[.data.frame" "[" "score" "forward_greedy" 
"prod" "node_value_to_index" "score" "forward_greedy" 
"[" "[.data.frame" "[" "score" "forward_greedy" 
"NextMethod" "[.factor" "[" "[.data.frame" "[" "score" "forward_greedy" 
"%in%" "structure" "[.data.frame" "[" "score" "forward_greedy" 
"[.factor" "[" "[.data.frame" "[" "score" "forward_greedy" 
"score" "forward_greedy" 
"[.data.frame" "[" "score" "forward_greedy" 
"seq_along" "structure" "[.data.frame" "[" "score" "forward_greedy" 
"[[.data.frame" "[[" "[.data.frame" "[" "score" "forward_greedy" 
"dim" "dim" "[.data.frame" "[" "score" "forward_greedy" 
"names" "%in%" "[[.data.frame" "[[" "[.data.frame" "[" "score" "forward_greedy" 
"[.data.frame" "[" "score" "forward_greedy" 
"[.data.frame" "[" "score" "forward_greedy" 
"attr" "[.factor" "[" "[.data.frame" "[" "score" "forward_greedy" 
"c" "structure" "[.data.frame" "[" "score" "forward_greedy" 
"[[.data.frame" "[[" "[.data.frame" "[" "score" "forward_greedy" 
"<Anonymous>" "[[.data.frame" "[[" "[.data.frame" "[" "score" "forward_greedy" 
"structure" "[.data.frame" "[" "score" "forward_greedy" 
"[.data.frame" "[" "score" "forward_greedy" 
"score" "forward_greedy" 
"<Anonymous>" "[[.data.frame" "[[" "[.data.frame" "[" "score" "forward_greedy" 
"[.data.frame" "[" "score" "forward_greedy" 
"node_value_to_index" "score" "forward_greedy" 
"as.numeric" "as.numeric" "score" "forward_greedy" 
"[.data.frame" "[" "score" "forward_greedy" 
"NextMethod" "[.factor" "[" "[.data.frame" "[" "score" "forward_greedy" 
"[.data.frame" "[" "score" "forward_greedy" 
"score" "forward_greedy" 
"[.data.frame" "[" "score" "forward_greedy" 
"c" "node_value_to_index" "score" "forward_greedy" 
"length" "node_value_to_index" "score" "forward_greedy" 
"dim" "dim" "[.data.frame" "[" "score" "forward_greedy" 
"score" "forward_greedy" 
"[.data.frame" "[" "score" "forward_greedy" 
"score" "forward_greedy" 
"node_value_to_index" "score" "forward_greedy" 
"node_value_to_index" "score" "forward_greedy" 
"as.numeric" "as.numeric" "score" "forward_greedy" 
"node_value_to_index" "score" "forward_greedy" 
"[.data.frame" "[" "score" "forward_greedy" 
"score" "forward_greedy" 
"score" "forward_greedy" 
"[.data.frame" "[" "score" "forward_greedy" 
"[.factor" "[" "[.data.frame" "[" "score" "forward_greedy" 
"sys.call" "%in%" "[[.data.frame" "[[" "[.data.frame" "[" "score" "forward_greedy" 
"seq_along" "[.data.frame" "[" "score" "forward_greedy" 
"[.data.frame" "[" "score" "forward_greedy" 
"[[.data.frame" "[[" "[.data.frame" "[" "score" "forward_greedy" 
"[[.data.frame" "[[" "[.data.frame" "[" "score" "forward_greedy" 
"[.data.frame" "[" "score" "forward_greedy" 
"%in%" "[.data.frame" "[" "score" "forward_greedy" 
"[[.data.frame" "[[" "[.data.frame" "[" "score" "forward_greedy" 
"NextMethod" "[.factor" "[" "[.data.frame" "[" "score" "forward_greedy" 
"attr" "[.factor" "[" "[.data.frame" "[" "score" "forward_greedy" 
"[.factor" "[" "[.data.frame" "[" "score" "forward_greedy" 
